<html>
<head>
<title>TestNG:  Power Function Unit Test</title>
<link href="../testng.css" rel="stylesheet" type="text/css" />
<link href="../my-testng.css" rel="stylesheet" type="text/css" />

<style type="text/css">
.log { display: none;} 
.stack-trace { display: none;} 
</style>
<script type="text/javascript">
<!--
function flip(e) {
  current = e.style.display;
  if (current == 'block') {
    e.style.display = 'none';
    return 0;
  }
  else {
    e.style.display = 'block';
    return 1;
  }
}

function toggleBox(szDivId, elem, msg1, msg2)
{
  var res = -1;  if (document.getElementById) {
    res = flip(document.getElementById(szDivId));
  }
  else if (document.all) {
    // this is the way old msie versions work
    res = flip(document.all[szDivId]);
  }
  if(elem) {
    if(res == 0) elem.innerHTML = msg1; else elem.innerHTML = msg2;
  }

}

function toggleAllBoxes() {
  if (document.getElementsByTagName) {
    d = document.getElementsByTagName('div');
    for (i = 0; i < d.length; i++) {
      if (d[i].className == 'log') {
        flip(d[i]);
      }
    }
  }
}

// -->
</script>

</head>
<body>
<h2 align='center'>Power Function Unit Test</h2><table border='1' align="center">
<tr>
<td>Tests passed/Failed/Skipped:</td><td>14/2/0</td>
</tr><tr>
<td>Started on:</td><td>Tue Mar 12 13:31:18 MSK 2024</td>
</tr>
<tr><td>Total time:</td><td>0 seconds (12 ms)</td>
</tr><tr>
<td>Included groups:</td><td></td>
</tr><tr>
<td>Excluded groups:</td><td></td>
</tr>
</table><p/>
<small><i>(Hover the method name to see the test class name)</i></small><p/>
<table width='100%' border='1' class='invocation-failed'>
<tr><td colspan='4' align='center'><b>FAILED TESTS</b></td></tr>
<tr><td><b>Test method</b></td>
<td><b>Attribute(s)</b></td>
<td width="30%"><b>Exception</b></td>
<td width="10%"><b>Time (seconds)</b></td>
<td><b>Instance</b></td>
</tr>
<tr>
<td title='org.rntgroup.CalcUnitTest.SqrtTest.unitNegativePowDoubleTest()'><b>unitNegativePowDoubleTest</b><br>Test class: org.rntgroup.CalcUnitTest.SqrtTest<br>Test method: Unit Sqrt Negative Test</td>
<td><div><pre>java.lang.AssertionError: Expected ArithmeticException to be thrown, but nothing was thrown
	at org.rntgroup.CalcUnitTest.SqrtTest.unitNegativePowDoubleTest(SqrtTest.java:29)
	at java.base/java.util.concurrent.Executors$RunnableAdapter.call(Executors.java:539)
	at java.base/java.util.concurrent.FutureTask.run(FutureTask.java:264)
	at java.base/java.util.concurrent.ThreadPoolExecutor.runWorker(ThreadPoolExecutor.java:1136)
	at java.base/java.util.concurrent.ThreadPoolExecutor$Worker.run(ThreadPoolExecutor.java:635)
	at java.base/java.lang.Thread.run(Thread.java:840)
... Removed 16 stack frames</pre></div><a href='#' onClick='toggleBox("stack-trace321910670", this, "Click to show all stack frames", "Click to hide stack frames")'>Click to show all stack frames</a>
<div class='stack-trace' id='stack-trace321910670'><pre>java.lang.AssertionError: Expected ArithmeticException to be thrown, but nothing was thrown
	at org.testng.Assert.expectThrows(Assert.java:2460)
	at org.testng.Assert.expectThrows(Assert.java:2425)
	at org.testng.Assert.assertThrows(Assert.java:2391)
	at org.rntgroup.CalcUnitTest.SqrtTest.unitNegativePowDoubleTest(SqrtTest.java:29)
	at java.base/jdk.internal.reflect.NativeMethodAccessorImpl.invoke0(Native Method)
	at java.base/jdk.internal.reflect.NativeMethodAccessorImpl.invoke(NativeMethodAccessorImpl.java:77)
	at java.base/jdk.internal.reflect.DelegatingMethodAccessorImpl.invoke(DelegatingMethodAccessorImpl.java:43)
	at java.base/java.lang.reflect.Method.invoke(Method.java:568)
	at org.testng.internal.invokers.MethodInvocationHelper.invokeMethod(MethodInvocationHelper.java:139)
	at org.testng.internal.invokers.TestInvoker.invokeMethod(TestInvoker.java:664)
	at org.testng.internal.invokers.TestInvoker.invokeTestMethod(TestInvoker.java:228)
	at org.testng.internal.invokers.MethodRunner.runInSequence(MethodRunner.java:63)
	at org.testng.internal.invokers.TestInvoker$MethodInvocationAgent.invoke(TestInvoker.java:961)
	at org.testng.internal.invokers.TestInvoker.invokeTestMethods(TestInvoker.java:201)
	at org.testng.internal.invokers.TestMethodWorker.invokeTestMethods(TestMethodWorker.java:148)
	at org.testng.internal.invokers.TestMethodWorker.run(TestMethodWorker.java:128)
	at java.base/java.util.concurrent.Executors$RunnableAdapter.call(Executors.java:539)
	at java.base/java.util.concurrent.FutureTask.run(FutureTask.java:264)
	at org.testng.internal.thread.graph.TestNGFutureTask.run(TestNGFutureTask.java:22)
	at java.base/java.util.concurrent.ThreadPoolExecutor.runWorker(ThreadPoolExecutor.java:1136)
	at java.base/java.util.concurrent.ThreadPoolExecutor$Worker.run(ThreadPoolExecutor.java:635)
	at java.base/java.lang.Thread.run(Thread.java:840)
</pre></div></td>
<td>0</td>
<td>org.rntgroup.CalcUnitTest.SqrtTest@3c0a50da</td></tr>
<tr>
<td title='org.rntgroup.CalcUnitTest.PowTest.unitNegativePowDoubleTest()'><b>unitNegativePowDoubleTest</b><br>Test class: org.rntgroup.CalcUnitTest.PowTest<br>Test method: Unit Negative Pow double Test</td>
<td><div><pre>java.lang.AssertionError: Expected IllegalArgumentException to be thrown, but nothing was thrown
	at org.rntgroup.CalcUnitTest.PowTest.unitNegativePowDoubleTest(PowTest.java:33)
	at java.base/java.util.concurrent.Executors$RunnableAdapter.call(Executors.java:539)
	at java.base/java.util.concurrent.FutureTask.run(FutureTask.java:264)
	at java.base/java.util.concurrent.ThreadPoolExecutor.runWorker(ThreadPoolExecutor.java:1136)
	at java.base/java.util.concurrent.ThreadPoolExecutor$Worker.run(ThreadPoolExecutor.java:635)
	at java.base/java.lang.Thread.run(Thread.java:840)
... Removed 16 stack frames</pre></div><a href='#' onClick='toggleBox("stack-trace929991179", this, "Click to show all stack frames", "Click to hide stack frames")'>Click to show all stack frames</a>
<div class='stack-trace' id='stack-trace929991179'><pre>java.lang.AssertionError: Expected IllegalArgumentException to be thrown, but nothing was thrown
	at org.testng.Assert.expectThrows(Assert.java:2460)
	at org.testng.Assert.expectThrows(Assert.java:2425)
	at org.testng.Assert.assertThrows(Assert.java:2391)
	at org.rntgroup.CalcUnitTest.PowTest.unitNegativePowDoubleTest(PowTest.java:33)
	at java.base/jdk.internal.reflect.NativeMethodAccessorImpl.invoke0(Native Method)
	at java.base/jdk.internal.reflect.NativeMethodAccessorImpl.invoke(NativeMethodAccessorImpl.java:77)
	at java.base/jdk.internal.reflect.DelegatingMethodAccessorImpl.invoke(DelegatingMethodAccessorImpl.java:43)
	at java.base/java.lang.reflect.Method.invoke(Method.java:568)
	at org.testng.internal.invokers.MethodInvocationHelper.invokeMethod(MethodInvocationHelper.java:139)
	at org.testng.internal.invokers.TestInvoker.invokeMethod(TestInvoker.java:664)
	at org.testng.internal.invokers.TestInvoker.invokeTestMethod(TestInvoker.java:228)
	at org.testng.internal.invokers.MethodRunner.runInSequence(MethodRunner.java:63)
	at org.testng.internal.invokers.TestInvoker$MethodInvocationAgent.invoke(TestInvoker.java:961)
	at org.testng.internal.invokers.TestInvoker.invokeTestMethods(TestInvoker.java:201)
	at org.testng.internal.invokers.TestMethodWorker.invokeTestMethods(TestMethodWorker.java:148)
	at org.testng.internal.invokers.TestMethodWorker.run(TestMethodWorker.java:128)
	at java.base/java.util.concurrent.Executors$RunnableAdapter.call(Executors.java:539)
	at java.base/java.util.concurrent.FutureTask.run(FutureTask.java:264)
	at org.testng.internal.thread.graph.TestNGFutureTask.run(TestNGFutureTask.java:22)
	at java.base/java.util.concurrent.ThreadPoolExecutor.runWorker(ThreadPoolExecutor.java:1136)
	at java.base/java.util.concurrent.ThreadPoolExecutor$Worker.run(ThreadPoolExecutor.java:635)
	at java.base/java.lang.Thread.run(Thread.java:840)
</pre></div></td>
<td>0</td>
<td>org.rntgroup.CalcUnitTest.PowTest@516be40f</td></tr>
</table><p>
<table width='100%' border='1' class='invocation-passed'>
<tr><td colspan='4' align='center'><b>PASSED TESTS</b></td></tr>
<tr><td><b>Test method</b></td>
<td><b>Attribute(s)</b></td>
<td width="30%"><b>Exception</b></td>
<td width="10%"><b>Time (seconds)</b></td>
<td><b>Instance</b></td>
</tr>
<tr>
<td title='org.rntgroup.CalcUnitTest.SqrtTest.unitSqrtTest()'><b>unitSqrtTest</b><br>Test class: org.rntgroup.CalcUnitTest.SqrtTest<br>Test method: Unit Sqrt Test<br>Parameters: 9, 3</td>
<td></td>
<td>0</td>
<td>org.rntgroup.CalcUnitTest.SqrtTest@3c0a50da</td></tr>
<tr>
<td title='org.rntgroup.CalcUnitTest.PowTest.unitPowTest()'><b>unitPowTest</b><br>Test class: org.rntgroup.CalcUnitTest.PowTest<br>Test method: Unit Pow Test<br>Parameters: 0.8, -1, 1.25</td>
<td></td>
<td>0</td>
<td>org.rntgroup.CalcUnitTest.PowTest@516be40f</td></tr>
<tr>
<td title='org.rntgroup.CalcUnitTest.PowTest.unitPowTest()'><b>unitPowTest</b><br>Test class: org.rntgroup.CalcUnitTest.PowTest<br>Test method: Unit Pow Test<br>Parameters: 0, 0, 1</td>
<td></td>
<td>0</td>
<td>org.rntgroup.CalcUnitTest.PowTest@516be40f</td></tr>
<tr>
<td title='org.rntgroup.CalcUnitTest.SqrtTest.unitSqrtTest()'><b>unitSqrtTest</b><br>Test class: org.rntgroup.CalcUnitTest.SqrtTest<br>Test method: Unit Sqrt Test<br>Parameters: 0, 0</td>
<td></td>
<td>0</td>
<td>org.rntgroup.CalcUnitTest.SqrtTest@3c0a50da</td></tr>
<tr>
<td title='org.rntgroup.CalcUnitTest.SqrtTest.unitSqrtTest()'><b>unitSqrtTest</b><br>Test class: org.rntgroup.CalcUnitTest.SqrtTest<br>Test method: Unit Sqrt Test<br>Parameters: 3.14, 1.772004514666935</td>
<td></td>
<td>0</td>
<td>org.rntgroup.CalcUnitTest.SqrtTest@3c0a50da</td></tr>
<tr>
<td title='org.rntgroup.CalcUnitTest.PowTest.unitPowTest()'><b>unitPowTest</b><br>Test class: org.rntgroup.CalcUnitTest.PowTest<br>Test method: Unit Pow Test<br>Parameters: 0, 5, 0</td>
<td></td>
<td>0</td>
<td>org.rntgroup.CalcUnitTest.PowTest@516be40f</td></tr>
<tr>
<td title='org.rntgroup.CalcUnitTest.PowTest.unitPowTest()'><b>unitPowTest</b><br>Test class: org.rntgroup.CalcUnitTest.PowTest<br>Test method: Unit Pow Test<br>Parameters: 3, 0, 1</td>
<td></td>
<td>0</td>
<td>org.rntgroup.CalcUnitTest.PowTest@516be40f</td></tr>
<tr>
<td title='org.rntgroup.CalcUnitTest.PowTest.unitPowTest()'><b>unitPowTest</b><br>Test class: org.rntgroup.CalcUnitTest.PowTest<br>Test method: Unit Pow Test<br>Parameters: 1.5, 5.1, 7.59375</td>
<td></td>
<td>0</td>
<td>org.rntgroup.CalcUnitTest.PowTest@516be40f</td></tr>
<tr>
<td title='org.rntgroup.CalcUnitTest.PowTest.unitPowTest()'><b>unitPowTest</b><br>Test class: org.rntgroup.CalcUnitTest.PowTest<br>Test method: Unit Pow Test<br>Parameters: 2, 8, 256</td>
<td></td>
<td>0</td>
<td>org.rntgroup.CalcUnitTest.PowTest@516be40f</td></tr>
<tr>
<td title='org.rntgroup.CalcUnitTest.PowTest.unitPowTest()'><b>unitPowTest</b><br>Test class: org.rntgroup.CalcUnitTest.PowTest<br>Test method: Unit Pow Test<br>Parameters: 2, -2, 0.25</td>
<td></td>
<td>0</td>
<td>org.rntgroup.CalcUnitTest.PowTest@516be40f</td></tr>
<tr>
<td title='org.rntgroup.CalcUnitTest.SqrtTest.unitSqrtTest()'><b>unitSqrtTest</b><br>Test class: org.rntgroup.CalcUnitTest.SqrtTest<br>Test method: Unit Sqrt Test<br>Parameters: 1, 1</td>
<td></td>
<td>0</td>
<td>org.rntgroup.CalcUnitTest.SqrtTest@3c0a50da</td></tr>
<tr>
<td title='org.rntgroup.CalcUnitTest.PowTest.unitPowTest()'><b>unitPowTest</b><br>Test class: org.rntgroup.CalcUnitTest.PowTest<br>Test method: Unit Pow Test<br>Parameters: 5, 1, 5</td>
<td></td>
<td>0</td>
<td>org.rntgroup.CalcUnitTest.PowTest@516be40f</td></tr>
<tr>
<td title='org.rntgroup.CalcUnitTest.PowTest.unitPowTest()'><b>unitPowTest</b><br>Test class: org.rntgroup.CalcUnitTest.PowTest<br>Test method: Unit Pow Test<br>Parameters: 1, 3.2, 1</td>
<td></td>
<td>0</td>
<td>org.rntgroup.CalcUnitTest.PowTest@516be40f</td></tr>
<tr>
<td title='org.rntgroup.CalcUnitTest.SqrtTest.unitSqrtTest()'><b>unitSqrtTest</b><br>Test class: org.rntgroup.CalcUnitTest.SqrtTest<br>Test method: Unit Sqrt Test<br>Parameters: 256, 16</td>
<td></td>
<td>0</td>
<td>org.rntgroup.CalcUnitTest.SqrtTest@3c0a50da</td></tr>
</table><p>
</body>
</html>