<html>
<head>
<title>TestNG:  Arithmetic Function Unit Test</title>
<link href="../testng.css" rel="stylesheet" type="text/css" />
<link href="../my-testng.css" rel="stylesheet" type="text/css" />

<style type="text/css">
.log { display: none;} 
.stack-trace { display: none;} 
</style>
<script type="text/javascript">
<!--
function flip(e) {
  current = e.style.display;
  if (current == 'block') {
    e.style.display = 'none';
    return 0;
  }
  else {
    e.style.display = 'block';
    return 1;
  }
}

function toggleBox(szDivId, elem, msg1, msg2)
{
  var res = -1;  if (document.getElementById) {
    res = flip(document.getElementById(szDivId));
  }
  else if (document.all) {
    // this is the way old msie versions work
    res = flip(document.all[szDivId]);
  }
  if(elem) {
    if(res == 0) elem.innerHTML = msg1; else elem.innerHTML = msg2;
  }

}

function toggleAllBoxes() {
  if (document.getElementsByTagName) {
    d = document.getElementsByTagName('div');
    for (i = 0; i < d.length; i++) {
      if (d[i].className == 'log') {
        flip(d[i]);
      }
    }
  }
}

// -->
</script>

</head>
<body>
<h2 align='center'>Arithmetic Function Unit Test</h2><table border='1' align="center">
<tr>
<td>Tests passed/Failed/Skipped:</td><td>31/3/0</td>
</tr><tr>
<td>Started on:</td><td>Thu Feb 29 01:36:17 MSK 2024</td>
</tr>
<tr><td>Total time:</td><td>0 seconds (160 ms)</td>
</tr><tr>
<td>Included groups:</td><td>MultiplyTest DivTest SubTest SumTest </td>
</tr><tr>
<td>Excluded groups:</td><td></td>
</tr>
</table><p/>
<small><i>(Hover the method name to see the test class name)</i></small><p/>
<table width='100%' border='1' class='invocation-failed'>
<tr><td colspan='4' align='center'><b>FAILED TESTS</b></td></tr>
<tr><td><b>Test method</b></td>
<td><b>Attribute(s)</b></td>
<td width="30%"><b>Exception</b></td>
<td width="10%"><b>Time (seconds)</b></td>
<td><b>Instance</b></td>
</tr>
<tr>
<td title='org.rntgroup.CalcUnitTests.MultiplyDoubleTest.unitMultiplyDoubleTest()'><b>unitMultiplyDoubleTest</b><br>Test class: org.rntgroup.CalcUnitTests.MultiplyDoubleTest<br>Test method: Unit Multiply Double Test<br>Parameters: -13.2, -10.1, 133.32</td>
<td><div><pre>java.lang.AssertionError: Result is not correct! expected [133.32] but found [133.0]
	at org.rntgroup.CalcUnitTests.MultiplyDoubleTest.unitMultiplyDoubleTest(MultiplyDoubleTest.java:25)
	at java.base/java.util.concurrent.Executors$RunnableAdapter.call(Executors.java:539)
	at java.base/java.util.concurrent.FutureTask.run(FutureTask.java:264)
	at java.base/java.util.concurrent.ThreadPoolExecutor.runWorker(ThreadPoolExecutor.java:1136)
	at java.base/java.util.concurrent.ThreadPoolExecutor$Worker.run(ThreadPoolExecutor.java:635)
	at java.base/java.lang.Thread.run(Thread.java:840)
... Removed 16 stack frames</pre></div><a href='#' onClick='toggleBox("stack-trace1055864733", this, "Click to show all stack frames", "Click to hide stack frames")'>Click to show all stack frames</a>
<div class='stack-trace' id='stack-trace1055864733'><pre>java.lang.AssertionError: Result is not correct! expected [133.32] but found [133.0]
	at org.testng.Assert.fail(Assert.java:111)
	at org.testng.Assert.failNotEquals(Assert.java:1578)
	at org.testng.Assert.assertEquals(Assert.java:728)
	at org.rntgroup.CalcUnitTests.MultiplyDoubleTest.unitMultiplyDoubleTest(MultiplyDoubleTest.java:25)
	at java.base/jdk.internal.reflect.NativeMethodAccessorImpl.invoke0(Native Method)
	at java.base/jdk.internal.reflect.NativeMethodAccessorImpl.invoke(NativeMethodAccessorImpl.java:77)
	at java.base/jdk.internal.reflect.DelegatingMethodAccessorImpl.invoke(DelegatingMethodAccessorImpl.java:43)
	at java.base/java.lang.reflect.Method.invoke(Method.java:568)
	at org.testng.internal.invokers.MethodInvocationHelper.invokeMethod(MethodInvocationHelper.java:139)
	at org.testng.internal.invokers.TestInvoker.invokeMethod(TestInvoker.java:664)
	at org.testng.internal.invokers.TestInvoker.invokeTestMethod(TestInvoker.java:228)
	at org.testng.internal.invokers.MethodRunner.runInSequence(MethodRunner.java:63)
	at org.testng.internal.invokers.TestInvoker$MethodInvocationAgent.invoke(TestInvoker.java:961)
	at org.testng.internal.invokers.TestInvoker.invokeTestMethods(TestInvoker.java:201)
	at org.testng.internal.invokers.TestMethodWorker.invokeTestMethods(TestMethodWorker.java:148)
	at org.testng.internal.invokers.TestMethodWorker.run(TestMethodWorker.java:128)
	at java.base/java.util.concurrent.Executors$RunnableAdapter.call(Executors.java:539)
	at java.base/java.util.concurrent.FutureTask.run(FutureTask.java:264)
	at org.testng.internal.thread.graph.TestNGFutureTask.run(TestNGFutureTask.java:22)
	at java.base/java.util.concurrent.ThreadPoolExecutor.runWorker(ThreadPoolExecutor.java:1136)
	at java.base/java.util.concurrent.ThreadPoolExecutor$Worker.run(ThreadPoolExecutor.java:635)
	at java.base/java.lang.Thread.run(Thread.java:840)
</pre></div></td>
<td>0</td>
<td>org.rntgroup.CalcUnitTests.MultiplyDoubleTest@70a9f84e</td></tr>
<tr>
<td title='org.rntgroup.CalcUnitTests.MultiplyDoubleTest.unitMultiplyDoubleTest()'><b>unitMultiplyDoubleTest</b><br>Test class: org.rntgroup.CalcUnitTests.MultiplyDoubleTest<br>Test method: Unit Multiply Double Test<br>Parameters: 10.1, 15.3, 154.53</td>
<td><div><pre>java.lang.AssertionError: Result is not correct! expected [154.53] but found [154.0]
	at org.rntgroup.CalcUnitTests.MultiplyDoubleTest.unitMultiplyDoubleTest(MultiplyDoubleTest.java:25)
	at java.base/java.util.concurrent.Executors$RunnableAdapter.call(Executors.java:539)
	at java.base/java.util.concurrent.FutureTask.run(FutureTask.java:264)
	at java.base/java.util.concurrent.ThreadPoolExecutor.runWorker(ThreadPoolExecutor.java:1136)
	at java.base/java.util.concurrent.ThreadPoolExecutor$Worker.run(ThreadPoolExecutor.java:635)
	at java.base/java.lang.Thread.run(Thread.java:840)
... Removed 16 stack frames</pre></div><a href='#' onClick='toggleBox("stack-trace651047885", this, "Click to show all stack frames", "Click to hide stack frames")'>Click to show all stack frames</a>
<div class='stack-trace' id='stack-trace651047885'><pre>java.lang.AssertionError: Result is not correct! expected [154.53] but found [154.0]
	at org.testng.Assert.fail(Assert.java:111)
	at org.testng.Assert.failNotEquals(Assert.java:1578)
	at org.testng.Assert.assertEquals(Assert.java:728)
	at org.rntgroup.CalcUnitTests.MultiplyDoubleTest.unitMultiplyDoubleTest(MultiplyDoubleTest.java:25)
	at java.base/jdk.internal.reflect.NativeMethodAccessorImpl.invoke0(Native Method)
	at java.base/jdk.internal.reflect.NativeMethodAccessorImpl.invoke(NativeMethodAccessorImpl.java:77)
	at java.base/jdk.internal.reflect.DelegatingMethodAccessorImpl.invoke(DelegatingMethodAccessorImpl.java:43)
	at java.base/java.lang.reflect.Method.invoke(Method.java:568)
	at org.testng.internal.invokers.MethodInvocationHelper.invokeMethod(MethodInvocationHelper.java:139)
	at org.testng.internal.invokers.TestInvoker.invokeMethod(TestInvoker.java:664)
	at org.testng.internal.invokers.TestInvoker.invokeTestMethod(TestInvoker.java:228)
	at org.testng.internal.invokers.MethodRunner.runInSequence(MethodRunner.java:63)
	at org.testng.internal.invokers.TestInvoker$MethodInvocationAgent.invoke(TestInvoker.java:961)
	at org.testng.internal.invokers.TestInvoker.invokeTestMethods(TestInvoker.java:201)
	at org.testng.internal.invokers.TestMethodWorker.invokeTestMethods(TestMethodWorker.java:148)
	at org.testng.internal.invokers.TestMethodWorker.run(TestMethodWorker.java:128)
	at java.base/java.util.concurrent.Executors$RunnableAdapter.call(Executors.java:539)
	at java.base/java.util.concurrent.FutureTask.run(FutureTask.java:264)
	at org.testng.internal.thread.graph.TestNGFutureTask.run(TestNGFutureTask.java:22)
	at java.base/java.util.concurrent.ThreadPoolExecutor.runWorker(ThreadPoolExecutor.java:1136)
	at java.base/java.util.concurrent.ThreadPoolExecutor$Worker.run(ThreadPoolExecutor.java:635)
	at java.base/java.lang.Thread.run(Thread.java:840)
</pre></div></td>
<td>0</td>
<td>org.rntgroup.CalcUnitTests.MultiplyDoubleTest@70a9f84e</td></tr>
<tr>
<td title='org.rntgroup.CalcUnitTests.DivLongTest.unitDivByZeroLongTest()'><b>unitDivByZeroLongTest</b><br>Test class: org.rntgroup.CalcUnitTests.DivLongTest<br>Test method: Unit Div by Zero Long Test</td>
<td><div><pre>java.lang.AssertionError: Expected ArithmeticException to be thrown, but NumberFormatException was thrown
	at org.rntgroup.CalcUnitTests.DivLongTest.unitDivByZeroLongTest(DivLongTest.java:31)
	at java.base/java.util.concurrent.Executors$RunnableAdapter.call(Executors.java:539)
	at java.base/java.util.concurrent.FutureTask.run(FutureTask.java:264)
	at java.base/java.util.concurrent.ThreadPoolExecutor.runWorker(ThreadPoolExecutor.java:1136)
	at java.base/java.util.concurrent.ThreadPoolExecutor$Worker.run(ThreadPoolExecutor.java:635)
	at java.base/java.lang.Thread.run(Thread.java:840)
Caused by: java.lang.NumberFormatException: Attempt to divide by zero
	at com.epam.tat.module4.Calculator.div(Calculator.java:34)
	at org.rntgroup.CalcUnitTests.DivLongTest.lambda$unitDivByZeroLongTest$0(DivLongTest.java:31)
	... 21 more
... Removed 17 stack frames</pre></div><a href='#' onClick='toggleBox("stack-trace668297931", this, "Click to show all stack frames", "Click to hide stack frames")'>Click to show all stack frames</a>
<div class='stack-trace' id='stack-trace668297931'><pre>java.lang.AssertionError: Expected ArithmeticException to be thrown, but NumberFormatException was thrown
	at org.testng.Assert.expectThrows(Assert.java:2454)
	at org.testng.Assert.expectThrows(Assert.java:2425)
	at org.testng.Assert.assertThrows(Assert.java:2391)
	at org.rntgroup.CalcUnitTests.DivLongTest.unitDivByZeroLongTest(DivLongTest.java:31)
	at java.base/jdk.internal.reflect.NativeMethodAccessorImpl.invoke0(Native Method)
	at java.base/jdk.internal.reflect.NativeMethodAccessorImpl.invoke(NativeMethodAccessorImpl.java:77)
	at java.base/jdk.internal.reflect.DelegatingMethodAccessorImpl.invoke(DelegatingMethodAccessorImpl.java:43)
	at java.base/java.lang.reflect.Method.invoke(Method.java:568)
	at org.testng.internal.invokers.MethodInvocationHelper.invokeMethod(MethodInvocationHelper.java:139)
	at org.testng.internal.invokers.TestInvoker.invokeMethod(TestInvoker.java:664)
	at org.testng.internal.invokers.TestInvoker.invokeTestMethod(TestInvoker.java:228)
	at org.testng.internal.invokers.MethodRunner.runInSequence(MethodRunner.java:63)
	at org.testng.internal.invokers.TestInvoker$MethodInvocationAgent.invoke(TestInvoker.java:961)
	at org.testng.internal.invokers.TestInvoker.invokeTestMethods(TestInvoker.java:201)
	at org.testng.internal.invokers.TestMethodWorker.invokeTestMethods(TestMethodWorker.java:148)
	at org.testng.internal.invokers.TestMethodWorker.run(TestMethodWorker.java:128)
	at java.base/java.util.concurrent.Executors$RunnableAdapter.call(Executors.java:539)
	at java.base/java.util.concurrent.FutureTask.run(FutureTask.java:264)
	at org.testng.internal.thread.graph.TestNGFutureTask.run(TestNGFutureTask.java:22)
	at java.base/java.util.concurrent.ThreadPoolExecutor.runWorker(ThreadPoolExecutor.java:1136)
	at java.base/java.util.concurrent.ThreadPoolExecutor$Worker.run(ThreadPoolExecutor.java:635)
	at java.base/java.lang.Thread.run(Thread.java:840)
Caused by: java.lang.NumberFormatException: Attempt to divide by zero
	at com.epam.tat.module4.Calculator.div(Calculator.java:34)
	at org.rntgroup.CalcUnitTests.DivLongTest.lambda$unitDivByZeroLongTest$0(DivLongTest.java:31)
	at org.testng.Assert.expectThrows(Assert.java:2444)
	... 21 more
</pre></div></td>
<td>0</td>
<td>org.rntgroup.CalcUnitTests.DivLongTest@1188e820</td></tr>
</table><p>
<table width='100%' border='1' class='invocation-passed'>
<tr><td colspan='4' align='center'><b>PASSED TESTS</b></td></tr>
<tr><td><b>Test method</b></td>
<td><b>Attribute(s)</b></td>
<td width="30%"><b>Exception</b></td>
<td width="10%"><b>Time (seconds)</b></td>
<td><b>Instance</b></td>
</tr>
<tr>
<td title='org.rntgroup.CalcUnitTests.SumLongTest.unitSumLongTest()'><b>unitSumLongTest</b><br>Test class: org.rntgroup.CalcUnitTests.SumLongTest<br>Test method: Unit Sum Long Test<br>Parameters: 0, 0, 0</td>
<td></td>
<td>0</td>
<td>org.rntgroup.CalcUnitTests.SumLongTest@7e9a5fbe</td></tr>
<tr>
<td title='org.rntgroup.CalcUnitTests.SumLongTest.unitSumLongTest()'><b>unitSumLongTest</b><br>Test class: org.rntgroup.CalcUnitTests.SumLongTest<br>Test method: Unit Sum Long Test<br>Parameters: -1, -10, -11</td>
<td></td>
<td>0</td>
<td>org.rntgroup.CalcUnitTests.SumLongTest@7e9a5fbe</td></tr>
<tr>
<td title='org.rntgroup.CalcUnitTests.DivLongTest.unitDivLongTest()'><b>unitDivLongTest</b><br>Test class: org.rntgroup.CalcUnitTests.DivLongTest<br>Test method: Unit Div Long Test<br>Parameters: -10, 2, -5</td>
<td></td>
<td>0</td>
<td>org.rntgroup.CalcUnitTests.DivLongTest@1188e820</td></tr>
<tr>
<td title='org.rntgroup.CalcUnitTests.SubDoubleTest.unitSubDoubleTest()'><b>unitSubDoubleTest</b><br>Test class: org.rntgroup.CalcUnitTests.SubDoubleTest<br>Test method: Unit Sub Double Test<br>Parameters: 10.1, 15, -4.9</td>
<td></td>
<td>0</td>
<td>org.rntgroup.CalcUnitTests.SubDoubleTest@74294adb</td></tr>
<tr>
<td title='org.rntgroup.CalcUnitTests.SumDoubleTest.unitSumDoubleTest()'><b>unitSumDoubleTest</b><br>Test class: org.rntgroup.CalcUnitTests.SumDoubleTest<br>Test method: Unit Sum Double Test<br>Parameters: 0, 0.0, 0.0</td>
<td></td>
<td>0</td>
<td>org.rntgroup.CalcUnitTests.SumDoubleTest@58a90037</td></tr>
<tr>
<td title='org.rntgroup.CalcUnitTests.SumDoubleTest.unitSumDoubleTest()'><b>unitSumDoubleTest</b><br>Test class: org.rntgroup.CalcUnitTests.SumDoubleTest<br>Test method: Unit Sum Double Test<br>Parameters: 10, 15.1, 25.1</td>
<td></td>
<td>0</td>
<td>org.rntgroup.CalcUnitTests.SumDoubleTest@58a90037</td></tr>
<tr>
<td title='org.rntgroup.CalcUnitTests.SumLongTest.unitSumLongTest()'><b>unitSumLongTest</b><br>Test class: org.rntgroup.CalcUnitTests.SumLongTest<br>Test method: Unit Sum Long Test<br>Parameters: -1, 10, 9</td>
<td></td>
<td>0</td>
<td>org.rntgroup.CalcUnitTests.SumLongTest@7e9a5fbe</td></tr>
<tr>
<td title='org.rntgroup.CalcUnitTests.MultiplyDoubleTest.unitMultiplyDoubleTest()'><b>unitMultiplyDoubleTest</b><br>Test class: org.rntgroup.CalcUnitTests.MultiplyDoubleTest<br>Test method: Unit Multiply Double Test<br>Parameters: 0.0, -1, -0.0</td>
<td></td>
<td>0</td>
<td>org.rntgroup.CalcUnitTests.MultiplyDoubleTest@70a9f84e</td></tr>
<tr>
<td title='org.rntgroup.CalcUnitTests.SubDoubleTest.unitSubDoubleTest()'><b>unitSubDoubleTest</b><br>Test class: org.rntgroup.CalcUnitTests.SubDoubleTest<br>Test method: Unit Sub Double Test<br>Parameters: -13.1, 10.1, -23.2</td>
<td></td>
<td>0</td>
<td>org.rntgroup.CalcUnitTests.SubDoubleTest@74294adb</td></tr>
<tr>
<td title='org.rntgroup.CalcUnitTests.DivLongTest.unitDivLongTest()'><b>unitDivLongTest</b><br>Test class: org.rntgroup.CalcUnitTests.DivLongTest<br>Test method: Unit Div Long Test<br>Parameters: 30, -15, -2</td>
<td></td>
<td>0</td>
<td>org.rntgroup.CalcUnitTests.DivLongTest@1188e820</td></tr>
<tr>
<td title='org.rntgroup.CalcUnitTests.MultiplyLongTest.unitMultiplyLongTest()'><b>unitMultiplyLongTest</b><br>Test class: org.rntgroup.CalcUnitTests.MultiplyLongTest<br>Test method: Unit Multiply Long Test<br>Parameters: 0, -1, 0</td>
<td></td>
<td>0</td>
<td>org.rntgroup.CalcUnitTests.MultiplyLongTest@130f889</td></tr>
<tr>
<td title='org.rntgroup.CalcUnitTests.SumDoubleTest.unitSumDoubleTest()'><b>unitSumDoubleTest</b><br>Test class: org.rntgroup.CalcUnitTests.SumDoubleTest<br>Test method: Unit Sum Double Test<br>Parameters: -13.0, -10.1, -23.1</td>
<td></td>
<td>0</td>
<td>org.rntgroup.CalcUnitTests.SumDoubleTest@58a90037</td></tr>
<tr>
<td title='org.rntgroup.CalcUnitTests.SubDoubleTest.unitSubDoubleTest()'><b>unitSubDoubleTest</b><br>Test class: org.rntgroup.CalcUnitTests.SubDoubleTest<br>Test method: Unit Sub Double Test<br>Parameters: 10.1, 15.33, -5.23</td>
<td></td>
<td>0</td>
<td>org.rntgroup.CalcUnitTests.SubDoubleTest@74294adb</td></tr>
<tr>
<td title='org.rntgroup.CalcUnitTests.MultiplyLongTest.unitMultiplyLongTest()'><b>unitMultiplyLongTest</b><br>Test class: org.rntgroup.CalcUnitTests.MultiplyLongTest<br>Test method: Unit Multiply Long Test<br>Parameters: 10, 15, 150</td>
<td></td>
<td>0</td>
<td>org.rntgroup.CalcUnitTests.MultiplyLongTest@130f889</td></tr>
<tr>
<td title='org.rntgroup.CalcUnitTests.SumLongTest.unitSumLongTest()'><b>unitSumLongTest</b><br>Test class: org.rntgroup.CalcUnitTests.SumLongTest<br>Test method: Unit Sum Long Test<br>Parameters: 10, 15, 25</td>
<td></td>
<td>0</td>
<td>org.rntgroup.CalcUnitTests.SumLongTest@7e9a5fbe</td></tr>
<tr>
<td title='org.rntgroup.CalcUnitTests.SubDoubleTest.unitSubDoubleTest()'><b>unitSubDoubleTest</b><br>Test class: org.rntgroup.CalcUnitTests.SubDoubleTest<br>Test method: Unit Sub Double Test<br>Parameters: 0, 0.0, 0.0</td>
<td></td>
<td>0</td>
<td>org.rntgroup.CalcUnitTests.SubDoubleTest@74294adb</td></tr>
<tr>
<td title='org.rntgroup.CalcUnitTests.SumDoubleTest.unitSumDoubleTest()'><b>unitSumDoubleTest</b><br>Test class: org.rntgroup.CalcUnitTests.SumDoubleTest<br>Test method: Unit Sum Double Test<br>Parameters: 10.1, 15.3, 25.4</td>
<td></td>
<td>0</td>
<td>org.rntgroup.CalcUnitTests.SumDoubleTest@58a90037</td></tr>
<tr>
<td title='org.rntgroup.CalcUnitTests.SumDoubleTest.unitSumDoubleTest()'><b>unitSumDoubleTest</b><br>Test class: org.rntgroup.CalcUnitTests.SumDoubleTest<br>Test method: Unit Sum Double Test<br>Parameters: 10.1, 15.3, 25.4</td>
<td></td>
<td>0</td>
<td>org.rntgroup.CalcUnitTests.SumDoubleTest@58a90037</td></tr>
<tr>
<td title='org.rntgroup.CalcUnitTests.MultiplyLongTest.unitMultiplyLongTest()'><b>unitMultiplyLongTest</b><br>Test class: org.rntgroup.CalcUnitTests.MultiplyLongTest<br>Test method: Unit Multiply Long Test<br>Parameters: 0, 0, 0</td>
<td></td>
<td>0</td>
<td>org.rntgroup.CalcUnitTests.MultiplyLongTest@130f889</td></tr>
<tr>
<td title='org.rntgroup.CalcUnitTests.SumDoubleTest.unitSumDoubleTest()'><b>unitSumDoubleTest</b><br>Test class: org.rntgroup.CalcUnitTests.SumDoubleTest<br>Test method: Unit Sum Double Test<br>Parameters: 0.0, 0.0, 0.0</td>
<td></td>
<td>0</td>
<td>org.rntgroup.CalcUnitTests.SumDoubleTest@58a90037</td></tr>
<tr>
<td title='org.rntgroup.CalcUnitTests.MultiplyDoubleTest.unitMultiplyDoubleTest()'><b>unitMultiplyDoubleTest</b><br>Test class: org.rntgroup.CalcUnitTests.MultiplyDoubleTest<br>Test method: Unit Multiply Double Test<br>Parameters: 10, 15.3, 153</td>
<td></td>
<td>0</td>
<td>org.rntgroup.CalcUnitTests.MultiplyDoubleTest@70a9f84e</td></tr>
<tr>
<td title='org.rntgroup.CalcUnitTests.MultiplyLongTest.unitMultiplyLongTest()'><b>unitMultiplyLongTest</b><br>Test class: org.rntgroup.CalcUnitTests.MultiplyLongTest<br>Test method: Unit Multiply Long Test<br>Parameters: -11, 2, -22</td>
<td></td>
<td>0</td>
<td>org.rntgroup.CalcUnitTests.MultiplyLongTest@130f889</td></tr>
<tr>
<td title='org.rntgroup.CalcUnitTests.DivLongTest.unitDivLongTest()'><b>unitDivLongTest</b><br>Test class: org.rntgroup.CalcUnitTests.DivLongTest<br>Test method: Unit Div Long Test<br>Parameters: 0, -1, 0</td>
<td></td>
<td>0</td>
<td>org.rntgroup.CalcUnitTests.DivLongTest@1188e820</td></tr>
<tr>
<td title='org.rntgroup.CalcUnitTests.SumDoubleTest.unitSumDoubleTest()'><b>unitSumDoubleTest</b><br>Test class: org.rntgroup.CalcUnitTests.SumDoubleTest<br>Test method: Unit Sum Double Test<br>Parameters: 10.1, 15, 25.1</td>
<td></td>
<td>0</td>
<td>org.rntgroup.CalcUnitTests.SumDoubleTest@58a90037</td></tr>
<tr>
<td title='org.rntgroup.CalcUnitTests.DivLongTest.unitDivLongTest()'><b>unitDivLongTest</b><br>Test class: org.rntgroup.CalcUnitTests.DivLongTest<br>Test method: Unit Div Long Test<br>Parameters: 15, 15, 1</td>
<td></td>
<td>0</td>
<td>org.rntgroup.CalcUnitTests.DivLongTest@1188e820</td></tr>
<tr>
<td title='org.rntgroup.CalcUnitTests.MultiplyLongTest.unitMultiplyLongTest()'><b>unitMultiplyLongTest</b><br>Test class: org.rntgroup.CalcUnitTests.MultiplyLongTest<br>Test method: Unit Multiply Long Test<br>Parameters: -13, -10, 130</td>
<td></td>
<td>0</td>
<td>org.rntgroup.CalcUnitTests.MultiplyLongTest@130f889</td></tr>
<tr>
<td title='org.rntgroup.CalcUnitTests.MultiplyDoubleTest.unitMultiplyDoubleTest()'><b>unitMultiplyDoubleTest</b><br>Test class: org.rntgroup.CalcUnitTests.MultiplyDoubleTest<br>Test method: Unit Multiply Double Test<br>Parameters: 0.0, 0.0, 0.0</td>
<td></td>
<td>0</td>
<td>org.rntgroup.CalcUnitTests.MultiplyDoubleTest@70a9f84e</td></tr>
<tr>
<td title='org.rntgroup.CalcUnitTests.SubDoubleTest.unitSubDoubleTest()'><b>unitSubDoubleTest</b><br>Test class: org.rntgroup.CalcUnitTests.SubDoubleTest<br>Test method: Unit Sub Double Test<br>Parameters: -10.1, -15.5, 5.4</td>
<td></td>
<td>0</td>
<td>org.rntgroup.CalcUnitTests.SubDoubleTest@74294adb</td></tr>
<tr>
<td title='org.rntgroup.CalcUnitTests.SumDoubleTest.unitSumDoubleTest()'><b>unitSumDoubleTest</b><br>Test class: org.rntgroup.CalcUnitTests.SumDoubleTest<br>Test method: Unit Sum Double Test<br>Parameters: 10.1, -15.5, -5.4</td>
<td></td>
<td>0</td>
<td>org.rntgroup.CalcUnitTests.SumDoubleTest@58a90037</td></tr>
<tr>
<td title='org.rntgroup.CalcUnitTests.SubDoubleTest.unitSubDoubleTest()'><b>unitSubDoubleTest</b><br>Test class: org.rntgroup.CalcUnitTests.SubDoubleTest<br>Test method: Unit Sub Double Test<br>Parameters: 0.0, 0.0, 0.0</td>
<td></td>
<td>0</td>
<td>org.rntgroup.CalcUnitTests.SubDoubleTest@74294adb</td></tr>
<tr>
<td title='org.rntgroup.CalcUnitTests.SumLongTest.unitSumLongTest()'><b>unitSumLongTest</b><br>Test class: org.rntgroup.CalcUnitTests.SumLongTest<br>Test method: Unit Sum Long Test<br>Parameters: 10, -15, -5</td>
<td></td>
<td>0</td>
<td>org.rntgroup.CalcUnitTests.SumLongTest@7e9a5fbe</td></tr>
</table><p>
</body>
</html>