<!DOCTYPE html PUBLIC "-//W3C//DTD XHTML 1.1//EN" "https://www.w3.org/TR/xhtml11/DTD/xhtml11.dtd">
<html xmlns="https://www.w3.org/1999/xhtml">
<head>
<meta http-equiv="content-type" content="text/html; charset=UTF-8"/>
<title>TestNG Report</title>
<style type="text/css">table {margin-bottom:10px;border-collapse:collapse;empty-cells:show}th,td {border:1px solid #009;padding:.25em .5em}th {vertical-align:bottom}td {vertical-align:top}table a {font-weight:bold}.stripe td {background-color: #E6EBF9}.num {text-align:right}.passedodd td {background-color: #3F3}.passedeven td {background-color: #0A0}.skippedodd td {background-color: #DDD}.skippedeven td {background-color: #CCC}.failedodd td,.attn {background-color: #F33}.failedeven td,.stripe .attn {background-color: #D00}.stacktrace {white-space:pre;font-family:monospace}.totop {font-size:85%;text-align:center;border-bottom:2px solid #000}.invisible {display:none}</style>
</head>
<body>
<table>
<tr><th>Test</th><th># Passed</th><th># Skipped</th><th># Retried</th><th># Failed</th><th>Time (ms)</th><th>Included Groups</th><th>Excluded Groups</th></tr>
<tr><th colspan="8">Arithmetic Function Suite</th></tr>
<tr><td><a href="#t0">Arithmetic Function Unit Test</a></td><td class="num">31</td><td class="num">0</td><td class="num">0</td><td class="num attn">3</td><td class="num">191</td><td>MultiplyTest, DivTest, SubTest, SumTest</td><td></td></tr>
<tr><th colspan="8">Trigonometric Function Suite</th></tr>
<tr class="stripe"><td><a href="#t1">Trigonometric Function Unit Test</a></td><td class="num">11</td><td class="num">0</td><td class="num">0</td><td class="num attn">38</td><td class="num">39</td><td></td><td></td></tr>
<tr><th colspan="8">Power Function Suite</th></tr>
<tr><td><a href="#t2">Power Function Unit Test</a></td><td class="num">14</td><td class="num">0</td><td class="num">0</td><td class="num attn">2</td><td class="num">15</td><td></td><td></td></tr>
<tr><th colspan="8">Default Suite</th></tr>
<tr><th colspan="8">Sing Definition Function Suite</th></tr>
<tr class="stripe"><td><a href="#t3">Sing Definition Function Unit Test</a></td><td class="num">6</td><td class="num">0</td><td class="num">0</td><td class="num">0</td><td class="num">6</td><td></td><td></td></tr>
<tr><th>Total</th><th class="num">62</th><th class="num">0</th><th class="num">0</th><th class="num attn">43</th><th class="num">251</th><th colspan="2"></th></tr>
</table>
<table id='summary'><thead><tr><th>Class</th><th>Method</th><th>Start</th><th>Time (ms)</th></tr></thead><tbody><tr><th colspan="4">Arithmetic Function Suite</th></tr></tbody><tbody id="t0"><tr><th colspan="4">Arithmetic Function Unit Test &#8212; failed</th></tr><tr class="failedeven"><td rowspan="1">org.rntgroup.CalcUnitTests.DivLongTest</td><td><a href="#m0">unitDivByZeroLongTest</a></td><td rowspan="1">1709202019764</td><td rowspan="1">1</td></tr><tr class="failedodd"><td rowspan="2">org.rntgroup.CalcUnitTests.MultiplyDoubleTest</td><td><a href="#m1">unitMultiplyDoubleTest</a></td><td rowspan="2">1709202019753</td><td rowspan="2">1</td></tr><tr class="failedodd"><td><a href="#m2">unitMultiplyDoubleTest</a></td></tr><tr><th colspan="4">Arithmetic Function Unit Test &#8212; passed</th></tr><tr class="passedeven"><td rowspan="4">org.rntgroup.CalcUnitTests.DivLongTest</td><td><a href="#m3">unitDivLongTest</a></td><td rowspan="4">1709202019771</td><td rowspan="4">0</td></tr><tr class="passedeven"><td><a href="#m4">unitDivLongTest</a></td></tr><tr class="passedeven"><td><a href="#m5">unitDivLongTest</a></td></tr><tr class="passedeven"><td><a href="#m6">unitDivLongTest</a></td></tr><tr class="passedodd"><td rowspan="3">org.rntgroup.CalcUnitTests.MultiplyDoubleTest</td><td><a href="#m7">unitMultiplyDoubleTest</a></td><td rowspan="3">1709202019740</td><td rowspan="3">0</td></tr><tr class="passedodd"><td><a href="#m8">unitMultiplyDoubleTest</a></td></tr><tr class="passedodd"><td><a href="#m9">unitMultiplyDoubleTest</a></td></tr><tr class="passedeven"><td rowspan="5">org.rntgroup.CalcUnitTests.MultiplyLongTest</td><td><a href="#m10">unitMultiplyLongTest</a></td><td rowspan="5">1709202019757</td><td rowspan="5">0</td></tr><tr class="passedeven"><td><a href="#m11">unitMultiplyLongTest</a></td></tr><tr class="passedeven"><td><a href="#m12">unitMultiplyLongTest</a></td></tr><tr class="passedeven"><td><a href="#m13">unitMultiplyLongTest</a></td></tr><tr class="passedeven"><td><a href="#m14">unitMultiplyLongTest</a></td></tr><tr class="passedodd"><td rowspan="6">org.rntgroup.CalcUnitTests.SubDoubleTest</td><td><a href="#m15">unitSubDoubleTest</a></td><td rowspan="6">1709202019733</td><td rowspan="6">0</td></tr><tr class="passedodd"><td><a href="#m16">unitSubDoubleTest</a></td></tr><tr class="passedodd"><td><a href="#m17">unitSubDoubleTest</a></td></tr><tr class="passedodd"><td><a href="#m18">unitSubDoubleTest</a></td></tr><tr class="passedodd"><td><a href="#m19">unitSubDoubleTest</a></td></tr><tr class="passedodd"><td><a href="#m20">unitSubDoubleTest</a></td></tr><tr class="passedeven"><td rowspan="8">org.rntgroup.CalcUnitTests.SumDoubleTest</td><td><a href="#m21">unitSumDoubleTest</a></td><td rowspan="8">1709202019714</td><td rowspan="8">0</td></tr><tr class="passedeven"><td><a href="#m22">unitSumDoubleTest</a></td></tr><tr class="passedeven"><td><a href="#m23">unitSumDoubleTest</a></td></tr><tr class="passedeven"><td><a href="#m24">unitSumDoubleTest</a></td></tr><tr class="passedeven"><td><a href="#m25">unitSumDoubleTest</a></td></tr><tr class="passedeven"><td><a href="#m26">unitSumDoubleTest</a></td></tr><tr class="passedeven"><td><a href="#m27">unitSumDoubleTest</a></td></tr><tr class="passedeven"><td><a href="#m28">unitSumDoubleTest</a></td></tr><tr class="passedodd"><td rowspan="5">org.rntgroup.CalcUnitTests.SumLongTest</td><td><a href="#m29">unitSumLongTest</a></td><td rowspan="5">1709202019686</td><td rowspan="5">2</td></tr><tr class="passedodd"><td><a href="#m30">unitSumLongTest</a></td></tr><tr class="passedodd"><td><a href="#m31">unitSumLongTest</a></td></tr><tr class="passedodd"><td><a href="#m32">unitSumLongTest</a></td></tr><tr class="passedodd"><td><a href="#m33">unitSumLongTest</a></td></tr></tbody>
<tbody><tr><th colspan="4">Trigonometric Function Suite</th></tr></tbody><tbody id="t1"><tr><th colspan="4">Trigonometric Function Unit Test &#8212; failed</th></tr><tr class="failedeven"><td rowspan="13">org.rntgroup.CalcUnitTests.CosTest</td><td><a href="#m34">unitCosOfInfinityTest</a></td><td rowspan="1">1709202019922</td><td rowspan="1">1</td></tr><tr class="failedeven"><td><a href="#m35">unitCosTest</a></td><td rowspan="12">1709202019926</td><td rowspan="12">1</td></tr><tr class="failedeven"><td><a href="#m36">unitCosTest</a></td></tr><tr class="failedeven"><td><a href="#m37">unitCosTest</a></td></tr><tr class="failedeven"><td><a href="#m38">unitCosTest</a></td></tr><tr class="failedeven"><td><a href="#m39">unitCosTest</a></td></tr><tr class="failedeven"><td><a href="#m40">unitCosTest</a></td></tr><tr class="failedeven"><td><a href="#m41">unitCosTest</a></td></tr><tr class="failedeven"><td><a href="#m42">unitCosTest</a></td></tr><tr class="failedeven"><td><a href="#m43">unitCosTest</a></td></tr><tr class="failedeven"><td><a href="#m44">unitCosTest</a></td></tr><tr class="failedeven"><td><a href="#m45">unitCosTest</a></td></tr><tr class="failedeven"><td><a href="#m46">unitCosTest</a></td></tr><tr class="failedodd"><td rowspan="11">org.rntgroup.CalcUnitTests.CtgTest</td><td><a href="#m47">unitCtgNegativeTest</a></td><td rowspan="3">1709202019943</td><td rowspan="3">0</td></tr><tr class="failedodd"><td><a href="#m48">unitCtgNegativeTest</a></td></tr><tr class="failedodd"><td><a href="#m49">unitCtgNegativeTest</a></td></tr><tr class="failedodd"><td><a href="#m50">unitCtgTest</a></td><td rowspan="8">1709202019948</td><td rowspan="8">0</td></tr><tr class="failedodd"><td><a href="#m51">unitCtgTest</a></td></tr><tr class="failedodd"><td><a href="#m52">unitCtgTest</a></td></tr><tr class="failedodd"><td><a href="#m53">unitCtgTest</a></td></tr><tr class="failedodd"><td><a href="#m54">unitCtgTest</a></td></tr><tr class="failedodd"><td><a href="#m55">unitCtgTest</a></td></tr><tr class="failedodd"><td><a href="#m56">unitCtgTest</a></td></tr><tr class="failedodd"><td><a href="#m57">unitCtgTest</a></td></tr><tr class="failedeven"><td rowspan="3">org.rntgroup.CalcUnitTests.SinTest</td><td><a href="#m58">unitSinOfInfinityTest</a></td><td rowspan="1">1709202019922</td><td rowspan="1">1</td></tr><tr class="failedeven"><td><a href="#m59">unitSinTest</a></td><td rowspan="2">1709202019931</td><td rowspan="2">1</td></tr><tr class="failedeven"><td><a href="#m60">unitSinTest</a></td></tr><tr class="failedodd"><td rowspan="11">org.rntgroup.CalcUnitTests.TgTest</td><td><a href="#m61">unitTgNegativeTest</a></td><td rowspan="3">1709202019943</td><td rowspan="3">1</td></tr><tr class="failedodd"><td><a href="#m62">unitTgNegativeTest</a></td></tr><tr class="failedodd"><td><a href="#m63">unitTgNegativeTest</a></td></tr><tr class="failedodd"><td><a href="#m64">unitTgTest</a></td><td rowspan="8">1709202019956</td><td rowspan="8">1</td></tr><tr class="failedodd"><td><a href="#m65">unitTgTest</a></td></tr><tr class="failedodd"><td><a href="#m66">unitTgTest</a></td></tr><tr class="failedodd"><td><a href="#m67">unitTgTest</a></td></tr><tr class="failedodd"><td><a href="#m68">unitTgTest</a></td></tr><tr class="failedodd"><td><a href="#m69">unitTgTest</a></td></tr><tr class="failedodd"><td><a href="#m70">unitTgTest</a></td></tr><tr class="failedodd"><td><a href="#m71">unitTgTest</a></td></tr><tr><th colspan="4">Trigonometric Function Unit Test &#8212; passed</th></tr><tr class="passedeven"><td rowspan="10">org.rntgroup.CalcUnitTests.SinTest</td><td><a href="#m72">unitSinTest</a></td><td rowspan="10">1709202019934</td><td rowspan="10">0</td></tr><tr class="passedeven"><td><a href="#m73">unitSinTest</a></td></tr><tr class="passedeven"><td><a href="#m74">unitSinTest</a></td></tr><tr class="passedeven"><td><a href="#m75">unitSinTest</a></td></tr><tr class="passedeven"><td><a href="#m76">unitSinTest</a></td></tr><tr class="passedeven"><td><a href="#m77">unitSinTest</a></td></tr><tr class="passedeven"><td><a href="#m78">unitSinTest</a></td></tr><tr class="passedeven"><td><a href="#m79">unitSinTest</a></td></tr><tr class="passedeven"><td><a href="#m80">unitSinTest</a></td></tr><tr class="passedeven"><td><a href="#m81">unitSinTest</a></td></tr><tr class="passedodd"><td rowspan="1">org.rntgroup.CalcUnitTests.TgTest</td><td><a href="#m82">unitTgTest</a></td><td rowspan="1">1709202019949</td><td rowspan="1">0</td></tr></tbody>
<tbody><tr><th colspan="4">Power Function Suite</th></tr></tbody><tbody id="t2"><tr><th colspan="4">Power Function Unit Test &#8212; failed</th></tr><tr class="failedeven"><td rowspan="1">org.rntgroup.CalcUnitTests.PowTest</td><td><a href="#m83">unitNegativePowDoubleTest</a></td><td rowspan="1">1709202019893</td><td rowspan="1">1</td></tr><tr class="failedodd"><td rowspan="1">org.rntgroup.CalcUnitTests.SqrtTest</td><td><a href="#m84">unitNegativePowDoubleTest</a></td><td rowspan="1">1709202019895</td><td rowspan="1">1</td></tr><tr><th colspan="4">Power Function Unit Test &#8212; passed</th></tr><tr class="passedeven"><td rowspan="9">org.rntgroup.CalcUnitTests.PowTest</td><td><a href="#m85">unitPowTest</a></td><td rowspan="9">1709202019905</td><td rowspan="9">0</td></tr><tr class="passedeven"><td><a href="#m86">unitPowTest</a></td></tr><tr class="passedeven"><td><a href="#m87">unitPowTest</a></td></tr><tr class="passedeven"><td><a href="#m88">unitPowTest</a></td></tr><tr class="passedeven"><td><a href="#m89">unitPowTest</a></td></tr><tr class="passedeven"><td><a href="#m90">unitPowTest</a></td></tr><tr class="passedeven"><td><a href="#m91">unitPowTest</a></td></tr><tr class="passedeven"><td><a href="#m92">unitPowTest</a></td></tr><tr class="passedeven"><td><a href="#m93">unitPowTest</a></td></tr><tr class="passedodd"><td rowspan="5">org.rntgroup.CalcUnitTests.SqrtTest</td><td><a href="#m94">unitSqrtTest</a></td><td rowspan="5">1709202019903</td><td rowspan="5">0</td></tr><tr class="passedodd"><td><a href="#m95">unitSqrtTest</a></td></tr><tr class="passedodd"><td><a href="#m96">unitSqrtTest</a></td></tr><tr class="passedodd"><td><a href="#m97">unitSqrtTest</a></td></tr><tr class="passedodd"><td><a href="#m98">unitSqrtTest</a></td></tr></tbody>
<tbody><tr><th colspan="4">Default Suite</th></tr></tbody><tbody><tr><th colspan="4">Sing Definition Function Suite</th></tr></tbody><tbody id="t3"><tr><th colspan="4">Sing Definition Function Unit Test &#8212; passed</th></tr><tr class="passedeven"><td rowspan="3">org.rntgroup.CalcUnitTests.IsNegativeSignTest</td><td><a href="#m99">unitIsNegativeSignTest</a></td><td rowspan="3">1709202020010</td><td rowspan="3">0</td></tr><tr class="passedeven"><td><a href="#m100">unitIsNegativeSignTest</a></td></tr><tr class="passedeven"><td><a href="#m101">unitIsNegativeSignTest</a></td></tr><tr class="passedodd"><td rowspan="3">org.rntgroup.CalcUnitTests.IsPositiveSignTest</td><td><a href="#m102">unitIsPositiveSignTest</a></td><td rowspan="3">1709202020009</td><td rowspan="3">0</td></tr><tr class="passedodd"><td><a href="#m103">unitIsPositiveSignTest</a></td></tr><tr class="passedodd"><td><a href="#m104">unitIsPositiveSignTest</a></td></tr></tbody>
</table>
<h2>Arithmetic Function Unit Test</h2><h3 id="m0">org.rntgroup.CalcUnitTests.DivLongTest#unitDivByZeroLongTest</h3><table class="result"><tr><th>Exception</th></tr><tr><td><div class="stacktrace">java.lang.AssertionError: Expected ArithmeticException to be thrown, but NumberFormatException was thrown
	at org.rntgroup.CalcUnitTests.DivLongTest.unitDivByZeroLongTest(DivLongTest.java:31)
	at java.base/java.util.concurrent.Executors$RunnableAdapter.call(Executors.java:539)
	at java.base/java.util.concurrent.FutureTask.run(FutureTask.java:264)
	at java.base/java.util.concurrent.ThreadPoolExecutor.runWorker(ThreadPoolExecutor.java:1136)
	at java.base/java.util.concurrent.ThreadPoolExecutor$Worker.run(ThreadPoolExecutor.java:635)
	at java.base/java.lang.Thread.run(Thread.java:840)
Caused by: java.lang.NumberFormatException: Attempt to divide by zero
	at com.epam.tat.module4.Calculator.div(Calculator.java:34)
	at org.rntgroup.CalcUnitTests.DivLongTest.lambda$unitDivByZeroLongTest$0(DivLongTest.java:31)
	... 21 more
... Removed 17 stack frames</div></td></tr></table><p class="totop"><a href="#summary">back to summary</a></p>
<h3 id="m1">org.rntgroup.CalcUnitTests.MultiplyDoubleTest#unitMultiplyDoubleTest</h3><table class="result"><tr class="param"><th>Parameter #1</th><th>Parameter #2</th><th>Parameter #3</th></tr><tr class="param stripe"><td>-13.2</td><td>-10.1</td><td>133.32</td></tr><tr><th colspan="3">Exception</th></tr><tr><td colspan="3"><div class="stacktrace">java.lang.AssertionError: Result is not correct! expected [133.32] but found [133.0]
	at org.rntgroup.CalcUnitTests.MultiplyDoubleTest.unitMultiplyDoubleTest(MultiplyDoubleTest.java:25)
	at java.base/java.util.concurrent.Executors$RunnableAdapter.call(Executors.java:539)
	at java.base/java.util.concurrent.FutureTask.run(FutureTask.java:264)
	at java.base/java.util.concurrent.ThreadPoolExecutor.runWorker(ThreadPoolExecutor.java:1136)
	at java.base/java.util.concurrent.ThreadPoolExecutor$Worker.run(ThreadPoolExecutor.java:635)
	at java.base/java.lang.Thread.run(Thread.java:840)
... Removed 16 stack frames</div></td></tr></table><p class="totop"><a href="#summary">back to summary</a></p>
<h3 id="m2">org.rntgroup.CalcUnitTests.MultiplyDoubleTest#unitMultiplyDoubleTest</h3><table class="result"><tr class="param"><th>Parameter #1</th><th>Parameter #2</th><th>Parameter #3</th></tr><tr class="param stripe"><td>10.1</td><td>15.3</td><td>154.53</td></tr><tr><th colspan="3">Exception</th></tr><tr><td colspan="3"><div class="stacktrace">java.lang.AssertionError: Result is not correct! expected [154.53] but found [154.0]
	at org.rntgroup.CalcUnitTests.MultiplyDoubleTest.unitMultiplyDoubleTest(MultiplyDoubleTest.java:25)
	at java.base/java.util.concurrent.Executors$RunnableAdapter.call(Executors.java:539)
	at java.base/java.util.concurrent.FutureTask.run(FutureTask.java:264)
	at java.base/java.util.concurrent.ThreadPoolExecutor.runWorker(ThreadPoolExecutor.java:1136)
	at java.base/java.util.concurrent.ThreadPoolExecutor$Worker.run(ThreadPoolExecutor.java:635)
	at java.base/java.lang.Thread.run(Thread.java:840)
... Removed 16 stack frames</div></td></tr></table><p class="totop"><a href="#summary">back to summary</a></p>
<h3 id="m3">org.rntgroup.CalcUnitTests.DivLongTest#unitDivLongTest</h3><table class="result"><tr class="param"><th>Parameter #1</th><th>Parameter #2</th><th>Parameter #3</th></tr><tr class="param stripe"><td>-10</td><td>2</td><td>-5</td></tr></table><p class="totop"><a href="#summary">back to summary</a></p>
<h3 id="m4">org.rntgroup.CalcUnitTests.DivLongTest#unitDivLongTest</h3><table class="result"><tr class="param"><th>Parameter #1</th><th>Parameter #2</th><th>Parameter #3</th></tr><tr class="param stripe"><td>30</td><td>-15</td><td>-2</td></tr></table><p class="totop"><a href="#summary">back to summary</a></p>
<h3 id="m5">org.rntgroup.CalcUnitTests.DivLongTest#unitDivLongTest</h3><table class="result"><tr class="param"><th>Parameter #1</th><th>Parameter #2</th><th>Parameter #3</th></tr><tr class="param stripe"><td>0</td><td>-1</td><td>0</td></tr></table><p class="totop"><a href="#summary">back to summary</a></p>
<h3 id="m6">org.rntgroup.CalcUnitTests.DivLongTest#unitDivLongTest</h3><table class="result"><tr class="param"><th>Parameter #1</th><th>Parameter #2</th><th>Parameter #3</th></tr><tr class="param stripe"><td>15</td><td>15</td><td>1</td></tr></table><p class="totop"><a href="#summary">back to summary</a></p>
<h3 id="m7">org.rntgroup.CalcUnitTests.MultiplyDoubleTest#unitMultiplyDoubleTest</h3><table class="result"><tr class="param"><th>Parameter #1</th><th>Parameter #2</th><th>Parameter #3</th></tr><tr class="param stripe"><td>0.0</td><td>-1</td><td>-0.0</td></tr></table><p class="totop"><a href="#summary">back to summary</a></p>
<h3 id="m8">org.rntgroup.CalcUnitTests.MultiplyDoubleTest#unitMultiplyDoubleTest</h3><table class="result"><tr class="param"><th>Parameter #1</th><th>Parameter #2</th><th>Parameter #3</th></tr><tr class="param stripe"><td>10</td><td>15.3</td><td>153</td></tr></table><p class="totop"><a href="#summary">back to summary</a></p>
<h3 id="m9">org.rntgroup.CalcUnitTests.MultiplyDoubleTest#unitMultiplyDoubleTest</h3><table class="result"><tr class="param"><th>Parameter #1</th><th>Parameter #2</th><th>Parameter #3</th></tr><tr class="param stripe"><td>0.0</td><td>0.0</td><td>0.0</td></tr></table><p class="totop"><a href="#summary">back to summary</a></p>
<h3 id="m10">org.rntgroup.CalcUnitTests.MultiplyLongTest#unitMultiplyLongTest</h3><table class="result"><tr class="param"><th>Parameter #1</th><th>Parameter #2</th><th>Parameter #3</th></tr><tr class="param stripe"><td>0</td><td>-1</td><td>0</td></tr></table><p class="totop"><a href="#summary">back to summary</a></p>
<h3 id="m11">org.rntgroup.CalcUnitTests.MultiplyLongTest#unitMultiplyLongTest</h3><table class="result"><tr class="param"><th>Parameter #1</th><th>Parameter #2</th><th>Parameter #3</th></tr><tr class="param stripe"><td>10</td><td>15</td><td>150</td></tr></table><p class="totop"><a href="#summary">back to summary</a></p>
<h3 id="m12">org.rntgroup.CalcUnitTests.MultiplyLongTest#unitMultiplyLongTest</h3><table class="result"><tr class="param"><th>Parameter #1</th><th>Parameter #2</th><th>Parameter #3</th></tr><tr class="param stripe"><td>0</td><td>0</td><td>0</td></tr></table><p class="totop"><a href="#summary">back to summary</a></p>
<h3 id="m13">org.rntgroup.CalcUnitTests.MultiplyLongTest#unitMultiplyLongTest</h3><table class="result"><tr class="param"><th>Parameter #1</th><th>Parameter #2</th><th>Parameter #3</th></tr><tr class="param stripe"><td>-11</td><td>2</td><td>-22</td></tr></table><p class="totop"><a href="#summary">back to summary</a></p>
<h3 id="m14">org.rntgroup.CalcUnitTests.MultiplyLongTest#unitMultiplyLongTest</h3><table class="result"><tr class="param"><th>Parameter #1</th><th>Parameter #2</th><th>Parameter #3</th></tr><tr class="param stripe"><td>-13</td><td>-10</td><td>130</td></tr></table><p class="totop"><a href="#summary">back to summary</a></p>
<h3 id="m15">org.rntgroup.CalcUnitTests.SubDoubleTest#unitSubDoubleTest</h3><table class="result"><tr class="param"><th>Parameter #1</th><th>Parameter #2</th><th>Parameter #3</th></tr><tr class="param stripe"><td>10.1</td><td>15</td><td>-4.9</td></tr></table><p class="totop"><a href="#summary">back to summary</a></p>
<h3 id="m16">org.rntgroup.CalcUnitTests.SubDoubleTest#unitSubDoubleTest</h3><table class="result"><tr class="param"><th>Parameter #1</th><th>Parameter #2</th><th>Parameter #3</th></tr><tr class="param stripe"><td>-13.1</td><td>10.1</td><td>-23.2</td></tr></table><p class="totop"><a href="#summary">back to summary</a></p>
<h3 id="m17">org.rntgroup.CalcUnitTests.SubDoubleTest#unitSubDoubleTest</h3><table class="result"><tr class="param"><th>Parameter #1</th><th>Parameter #2</th><th>Parameter #3</th></tr><tr class="param stripe"><td>10.1</td><td>15.33</td><td>-5.23</td></tr></table><p class="totop"><a href="#summary">back to summary</a></p>
<h3 id="m18">org.rntgroup.CalcUnitTests.SubDoubleTest#unitSubDoubleTest</h3><table class="result"><tr class="param"><th>Parameter #1</th><th>Parameter #2</th><th>Parameter #3</th></tr><tr class="param stripe"><td>0</td><td>0.0</td><td>0.0</td></tr></table><p class="totop"><a href="#summary">back to summary</a></p>
<h3 id="m19">org.rntgroup.CalcUnitTests.SubDoubleTest#unitSubDoubleTest</h3><table class="result"><tr class="param"><th>Parameter #1</th><th>Parameter #2</th><th>Parameter #3</th></tr><tr class="param stripe"><td>-10.1</td><td>-15.5</td><td>5.4</td></tr></table><p class="totop"><a href="#summary">back to summary</a></p>
<h3 id="m20">org.rntgroup.CalcUnitTests.SubDoubleTest#unitSubDoubleTest</h3><table class="result"><tr class="param"><th>Parameter #1</th><th>Parameter #2</th><th>Parameter #3</th></tr><tr class="param stripe"><td>0.0</td><td>0.0</td><td>0.0</td></tr></table><p class="totop"><a href="#summary">back to summary</a></p>
<h3 id="m21">org.rntgroup.CalcUnitTests.SumDoubleTest#unitSumDoubleTest</h3><table class="result"><tr class="param"><th>Parameter #1</th><th>Parameter #2</th><th>Parameter #3</th></tr><tr class="param stripe"><td>0</td><td>0.0</td><td>0.0</td></tr></table><p class="totop"><a href="#summary">back to summary</a></p>
<h3 id="m22">org.rntgroup.CalcUnitTests.SumDoubleTest#unitSumDoubleTest</h3><table class="result"><tr class="param"><th>Parameter #1</th><th>Parameter #2</th><th>Parameter #3</th></tr><tr class="param stripe"><td>10</td><td>15.1</td><td>25.1</td></tr></table><p class="totop"><a href="#summary">back to summary</a></p>
<h3 id="m23">org.rntgroup.CalcUnitTests.SumDoubleTest#unitSumDoubleTest</h3><table class="result"><tr class="param"><th>Parameter #1</th><th>Parameter #2</th><th>Parameter #3</th></tr><tr class="param stripe"><td>-13.0</td><td>-10.1</td><td>-23.1</td></tr></table><p class="totop"><a href="#summary">back to summary</a></p>
<h3 id="m24">org.rntgroup.CalcUnitTests.SumDoubleTest#unitSumDoubleTest</h3><table class="result"><tr class="param"><th>Parameter #1</th><th>Parameter #2</th><th>Parameter #3</th></tr><tr class="param stripe"><td>10.1</td><td>15.3</td><td>25.4</td></tr></table><p class="totop"><a href="#summary">back to summary</a></p>
<h3 id="m25">org.rntgroup.CalcUnitTests.SumDoubleTest#unitSumDoubleTest</h3><table class="result"><tr class="param"><th>Parameter #1</th><th>Parameter #2</th><th>Parameter #3</th></tr><tr class="param stripe"><td>10.1</td><td>15.3</td><td>25.4</td></tr></table><p class="totop"><a href="#summary">back to summary</a></p>
<h3 id="m26">org.rntgroup.CalcUnitTests.SumDoubleTest#unitSumDoubleTest</h3><table class="result"><tr class="param"><th>Parameter #1</th><th>Parameter #2</th><th>Parameter #3</th></tr><tr class="param stripe"><td>0.0</td><td>0.0</td><td>0.0</td></tr></table><p class="totop"><a href="#summary">back to summary</a></p>
<h3 id="m27">org.rntgroup.CalcUnitTests.SumDoubleTest#unitSumDoubleTest</h3><table class="result"><tr class="param"><th>Parameter #1</th><th>Parameter #2</th><th>Parameter #3</th></tr><tr class="param stripe"><td>10.1</td><td>15</td><td>25.1</td></tr></table><p class="totop"><a href="#summary">back to summary</a></p>
<h3 id="m28">org.rntgroup.CalcUnitTests.SumDoubleTest#unitSumDoubleTest</h3><table class="result"><tr class="param"><th>Parameter #1</th><th>Parameter #2</th><th>Parameter #3</th></tr><tr class="param stripe"><td>10.1</td><td>-15.5</td><td>-5.4</td></tr></table><p class="totop"><a href="#summary">back to summary</a></p>
<h3 id="m29">org.rntgroup.CalcUnitTests.SumLongTest#unitSumLongTest</h3><table class="result"><tr class="param"><th>Parameter #1</th><th>Parameter #2</th><th>Parameter #3</th></tr><tr class="param stripe"><td>0</td><td>0</td><td>0</td></tr></table><p class="totop"><a href="#summary">back to summary</a></p>
<h3 id="m30">org.rntgroup.CalcUnitTests.SumLongTest#unitSumLongTest</h3><table class="result"><tr class="param"><th>Parameter #1</th><th>Parameter #2</th><th>Parameter #3</th></tr><tr class="param stripe"><td>-1</td><td>-10</td><td>-11</td></tr></table><p class="totop"><a href="#summary">back to summary</a></p>
<h3 id="m31">org.rntgroup.CalcUnitTests.SumLongTest#unitSumLongTest</h3><table class="result"><tr class="param"><th>Parameter #1</th><th>Parameter #2</th><th>Parameter #3</th></tr><tr class="param stripe"><td>-1</td><td>10</td><td>9</td></tr></table><p class="totop"><a href="#summary">back to summary</a></p>
<h3 id="m32">org.rntgroup.CalcUnitTests.SumLongTest#unitSumLongTest</h3><table class="result"><tr class="param"><th>Parameter #1</th><th>Parameter #2</th><th>Parameter #3</th></tr><tr class="param stripe"><td>10</td><td>15</td><td>25</td></tr></table><p class="totop"><a href="#summary">back to summary</a></p>
<h3 id="m33">org.rntgroup.CalcUnitTests.SumLongTest#unitSumLongTest</h3><table class="result"><tr class="param"><th>Parameter #1</th><th>Parameter #2</th><th>Parameter #3</th></tr><tr class="param stripe"><td>10</td><td>-15</td><td>-5</td></tr></table><p class="totop"><a href="#summary">back to summary</a></p>
<h2>Trigonometric Function Unit Test</h2><h3 id="m34">org.rntgroup.CalcUnitTests.CosTest#unitCosOfInfinityTest</h3><table class="result"><tr><th>Exception</th></tr><tr><td><div class="stacktrace">java.lang.AssertionError: Expected IllegalArgumentException to be thrown, but nothing was thrown
	at org.rntgroup.CalcUnitTests.CosTest.unitCosOfInfinityTest(CosTest.java:36)
	at java.base/java.util.concurrent.Executors$RunnableAdapter.call(Executors.java:539)
	at java.base/java.util.concurrent.FutureTask.run(FutureTask.java:264)
	at java.base/java.util.concurrent.ThreadPoolExecutor.runWorker(ThreadPoolExecutor.java:1136)
	at java.base/java.util.concurrent.ThreadPoolExecutor$Worker.run(ThreadPoolExecutor.java:635)
	at java.base/java.lang.Thread.run(Thread.java:840)
... Removed 16 stack frames</div></td></tr></table><p class="totop"><a href="#summary">back to summary</a></p>
<h3 id="m35">org.rntgroup.CalcUnitTests.CosTest#unitCosTest</h3><table class="result"><tr class="param"><th>Parameter #1</th><th>Parameter #2</th></tr><tr class="param stripe"><td>30</td><td>0.8660254037844387</td></tr><tr><th colspan="2">Exception</th></tr><tr><td colspan="2"><div class="stacktrace">java.lang.AssertionError: Result is not correct! expected [0.8660254037844387] but found [0.49999999999999994]
	at org.rntgroup.CalcUnitTests.CosTest.unitCosTest(CosTest.java:31)
	at java.base/java.util.concurrent.Executors$RunnableAdapter.call(Executors.java:539)
	at java.base/java.util.concurrent.FutureTask.run(FutureTask.java:264)
	at java.base/java.util.concurrent.ThreadPoolExecutor.runWorker(ThreadPoolExecutor.java:1136)
	at java.base/java.util.concurrent.ThreadPoolExecutor$Worker.run(ThreadPoolExecutor.java:635)
	at java.base/java.lang.Thread.run(Thread.java:840)
... Removed 16 stack frames</div></td></tr></table><p class="totop"><a href="#summary">back to summary</a></p>
<h3 id="m36">org.rntgroup.CalcUnitTests.CosTest#unitCosTest</h3><table class="result"><tr class="param"><th>Parameter #1</th><th>Parameter #2</th></tr><tr class="param stripe"><td>360</td><td>1</td></tr><tr><th colspan="2">Exception</th></tr><tr><td colspan="2"><div class="stacktrace">java.lang.AssertionError: Result is not correct! expected [1.0] but found [-2.4492935982947064E-16]
	at org.rntgroup.CalcUnitTests.CosTest.unitCosTest(CosTest.java:31)
	at java.base/java.util.concurrent.Executors$RunnableAdapter.call(Executors.java:539)
	at java.base/java.util.concurrent.FutureTask.run(FutureTask.java:264)
	at java.base/java.util.concurrent.ThreadPoolExecutor.runWorker(ThreadPoolExecutor.java:1136)
	at java.base/java.util.concurrent.ThreadPoolExecutor$Worker.run(ThreadPoolExecutor.java:635)
	at java.base/java.lang.Thread.run(Thread.java:840)
... Removed 16 stack frames</div></td></tr></table><p class="totop"><a href="#summary">back to summary</a></p>
<h3 id="m37">org.rntgroup.CalcUnitTests.CosTest#unitCosTest</h3><table class="result"><tr class="param"><th>Parameter #1</th><th>Parameter #2</th></tr><tr class="param stripe"><td>-90</td><td>0</td></tr><tr><th colspan="2">Exception</th></tr><tr><td colspan="2"><div class="stacktrace">java.lang.AssertionError: Result is not correct! expected [0.0] but found [-1.0]
	at org.rntgroup.CalcUnitTests.CosTest.unitCosTest(CosTest.java:31)
	at java.base/java.util.concurrent.Executors$RunnableAdapter.call(Executors.java:539)
	at java.base/java.util.concurrent.FutureTask.run(FutureTask.java:264)
	at java.base/java.util.concurrent.ThreadPoolExecutor.runWorker(ThreadPoolExecutor.java:1136)
	at java.base/java.util.concurrent.ThreadPoolExecutor$Worker.run(ThreadPoolExecutor.java:635)
	at java.base/java.lang.Thread.run(Thread.java:840)
... Removed 16 stack frames</div></td></tr></table><p class="totop"><a href="#summary">back to summary</a></p>
<h3 id="m38">org.rntgroup.CalcUnitTests.CosTest#unitCosTest</h3><table class="result"><tr class="param"><th>Parameter #1</th><th>Parameter #2</th></tr><tr class="param stripe"><td>45</td><td>0.7071067811865476</td></tr><tr><th colspan="2">Exception</th></tr><tr><td colspan="2"><div class="stacktrace">java.lang.AssertionError: Result is not correct! expected [0.7071067811865476] but found [0.7071067811865475]
	at org.rntgroup.CalcUnitTests.CosTest.unitCosTest(CosTest.java:31)
	at java.base/java.util.concurrent.Executors$RunnableAdapter.call(Executors.java:539)
	at java.base/java.util.concurrent.FutureTask.run(FutureTask.java:264)
	at java.base/java.util.concurrent.ThreadPoolExecutor.runWorker(ThreadPoolExecutor.java:1136)
	at java.base/java.util.concurrent.ThreadPoolExecutor$Worker.run(ThreadPoolExecutor.java:635)
	at java.base/java.lang.Thread.run(Thread.java:840)
... Removed 16 stack frames</div></td></tr></table><p class="totop"><a href="#summary">back to summary</a></p>
<h3 id="m39">org.rntgroup.CalcUnitTests.CosTest#unitCosTest</h3><table class="result"><tr class="param"><th>Parameter #1</th><th>Parameter #2</th></tr><tr class="param stripe"><td>270</td><td>0</td></tr><tr><th colspan="2">Exception</th></tr><tr><td colspan="2"><div class="stacktrace">java.lang.AssertionError: Result is not correct! expected [0.0] but found [-1.0]
	at org.rntgroup.CalcUnitTests.CosTest.unitCosTest(CosTest.java:31)
	at java.base/java.util.concurrent.Executors$RunnableAdapter.call(Executors.java:539)
	at java.base/java.util.concurrent.FutureTask.run(FutureTask.java:264)
	at java.base/java.util.concurrent.ThreadPoolExecutor.runWorker(ThreadPoolExecutor.java:1136)
	at java.base/java.util.concurrent.ThreadPoolExecutor$Worker.run(ThreadPoolExecutor.java:635)
	at java.base/java.lang.Thread.run(Thread.java:840)
... Removed 16 stack frames</div></td></tr></table><p class="totop"><a href="#summary">back to summary</a></p>
<h3 id="m40">org.rntgroup.CalcUnitTests.CosTest#unitCosTest</h3><table class="result"><tr class="param"><th>Parameter #1</th><th>Parameter #2</th></tr><tr class="param stripe"><td>187</td><td>-0.9925461516413221</td></tr><tr><th colspan="2">Exception</th></tr><tr><td colspan="2"><div class="stacktrace">java.lang.AssertionError: Result is not correct! expected [-0.9925461516413221] but found [-0.12186934340514731]
	at org.rntgroup.CalcUnitTests.CosTest.unitCosTest(CosTest.java:31)
	at java.base/java.util.concurrent.Executors$RunnableAdapter.call(Executors.java:539)
	at java.base/java.util.concurrent.FutureTask.run(FutureTask.java:264)
	at java.base/java.util.concurrent.ThreadPoolExecutor.runWorker(ThreadPoolExecutor.java:1136)
	at java.base/java.util.concurrent.ThreadPoolExecutor$Worker.run(ThreadPoolExecutor.java:635)
	at java.base/java.lang.Thread.run(Thread.java:840)
... Removed 16 stack frames</div></td></tr></table><p class="totop"><a href="#summary">back to summary</a></p>
<h3 id="m41">org.rntgroup.CalcUnitTests.CosTest#unitCosTest</h3><table class="result"><tr class="param"><th>Parameter #1</th><th>Parameter #2</th></tr><tr class="param stripe"><td>-400</td><td>0.7660444431189781</td></tr><tr><th colspan="2">Exception</th></tr><tr><td colspan="2"><div class="stacktrace">java.lang.AssertionError: Result is not correct! expected [0.7660444431189781] but found [-0.6427876096865391]
	at org.rntgroup.CalcUnitTests.CosTest.unitCosTest(CosTest.java:31)
	at java.base/java.util.concurrent.Executors$RunnableAdapter.call(Executors.java:539)
	at java.base/java.util.concurrent.FutureTask.run(FutureTask.java:264)
	at java.base/java.util.concurrent.ThreadPoolExecutor.runWorker(ThreadPoolExecutor.java:1136)
	at java.base/java.util.concurrent.ThreadPoolExecutor$Worker.run(ThreadPoolExecutor.java:635)
	at java.base/java.lang.Thread.run(Thread.java:840)
... Removed 16 stack frames</div></td></tr></table><p class="totop"><a href="#summary">back to summary</a></p>
<h3 id="m42">org.rntgroup.CalcUnitTests.CosTest#unitCosTest</h3><table class="result"><tr class="param"><th>Parameter #1</th><th>Parameter #2</th></tr><tr class="param stripe"><td>180</td><td>-1</td></tr><tr><th colspan="2">Exception</th></tr><tr><td colspan="2"><div class="stacktrace">java.lang.AssertionError: Result is not correct! expected [-1.0] but found [1.2246467991473532E-16]
	at org.rntgroup.CalcUnitTests.CosTest.unitCosTest(CosTest.java:31)
	at java.base/java.util.concurrent.Executors$RunnableAdapter.call(Executors.java:539)
	at java.base/java.util.concurrent.FutureTask.run(FutureTask.java:264)
	at java.base/java.util.concurrent.ThreadPoolExecutor.runWorker(ThreadPoolExecutor.java:1136)
	at java.base/java.util.concurrent.ThreadPoolExecutor$Worker.run(ThreadPoolExecutor.java:635)
	at java.base/java.lang.Thread.run(Thread.java:840)
... Removed 16 stack frames</div></td></tr></table><p class="totop"><a href="#summary">back to summary</a></p>
<h3 id="m43">org.rntgroup.CalcUnitTests.CosTest#unitCosTest</h3><table class="result"><tr class="param"><th>Parameter #1</th><th>Parameter #2</th></tr><tr class="param stripe"><td>60</td><td>0.5000000000000001</td></tr><tr><th colspan="2">Exception</th></tr><tr><td colspan="2"><div class="stacktrace">java.lang.AssertionError: Result is not correct! expected [0.5000000000000001] but found [0.8660254037844386]
	at org.rntgroup.CalcUnitTests.CosTest.unitCosTest(CosTest.java:31)
	at java.base/java.util.concurrent.Executors$RunnableAdapter.call(Executors.java:539)
	at java.base/java.util.concurrent.FutureTask.run(FutureTask.java:264)
	at java.base/java.util.concurrent.ThreadPoolExecutor.runWorker(ThreadPoolExecutor.java:1136)
	at java.base/java.util.concurrent.ThreadPoolExecutor$Worker.run(ThreadPoolExecutor.java:635)
	at java.base/java.lang.Thread.run(Thread.java:840)
... Removed 16 stack frames</div></td></tr></table><p class="totop"><a href="#summary">back to summary</a></p>
<h3 id="m44">org.rntgroup.CalcUnitTests.CosTest#unitCosTest</h3><table class="result"><tr class="param"><th>Parameter #1</th><th>Parameter #2</th></tr><tr class="param stripe"><td>1</td><td>0.9998476951563913</td></tr><tr><th colspan="2">Exception</th></tr><tr><td colspan="2"><div class="stacktrace">java.lang.AssertionError: Result is not correct! expected [0.9998476951563913] but found [0.01745240643728351]
	at org.rntgroup.CalcUnitTests.CosTest.unitCosTest(CosTest.java:31)
	at java.base/java.util.concurrent.Executors$RunnableAdapter.call(Executors.java:539)
	at java.base/java.util.concurrent.FutureTask.run(FutureTask.java:264)
	at java.base/java.util.concurrent.ThreadPoolExecutor.runWorker(ThreadPoolExecutor.java:1136)
	at java.base/java.util.concurrent.ThreadPoolExecutor$Worker.run(ThreadPoolExecutor.java:635)
	at java.base/java.lang.Thread.run(Thread.java:840)
... Removed 16 stack frames</div></td></tr></table><p class="totop"><a href="#summary">back to summary</a></p>
<h3 id="m45">org.rntgroup.CalcUnitTests.CosTest#unitCosTest</h3><table class="result"><tr class="param"><th>Parameter #1</th><th>Parameter #2</th></tr><tr class="param stripe"><td>0</td><td>1</td></tr><tr><th colspan="2">Exception</th></tr><tr><td colspan="2"><div class="stacktrace">java.lang.AssertionError: Result is not correct! expected [1.0] but found [0.0]
	at org.rntgroup.CalcUnitTests.CosTest.unitCosTest(CosTest.java:31)
	at java.base/java.util.concurrent.Executors$RunnableAdapter.call(Executors.java:539)
	at java.base/java.util.concurrent.FutureTask.run(FutureTask.java:264)
	at java.base/java.util.concurrent.ThreadPoolExecutor.runWorker(ThreadPoolExecutor.java:1136)
	at java.base/java.util.concurrent.ThreadPoolExecutor$Worker.run(ThreadPoolExecutor.java:635)
	at java.base/java.lang.Thread.run(Thread.java:840)
... Removed 16 stack frames</div></td></tr></table><p class="totop"><a href="#summary">back to summary</a></p>
<h3 id="m46">org.rntgroup.CalcUnitTests.CosTest#unitCosTest</h3><table class="result"><tr class="param"><th>Parameter #1</th><th>Parameter #2</th></tr><tr class="param stripe"><td>90</td><td>0</td></tr><tr><th colspan="2">Exception</th></tr><tr><td colspan="2"><div class="stacktrace">java.lang.AssertionError: Result is not correct! expected [0.0] but found [1.0]
	at org.rntgroup.CalcUnitTests.CosTest.unitCosTest(CosTest.java:31)
	at java.base/java.util.concurrent.Executors$RunnableAdapter.call(Executors.java:539)
	at java.base/java.util.concurrent.FutureTask.run(FutureTask.java:264)
	at java.base/java.util.concurrent.ThreadPoolExecutor.runWorker(ThreadPoolExecutor.java:1136)
	at java.base/java.util.concurrent.ThreadPoolExecutor$Worker.run(ThreadPoolExecutor.java:635)
	at java.base/java.lang.Thread.run(Thread.java:840)
... Removed 16 stack frames</div></td></tr></table><p class="totop"><a href="#summary">back to summary</a></p>
<h3 id="m47">org.rntgroup.CalcUnitTests.CtgTest#unitCtgNegativeTest</h3><table class="result"><tr class="param"><th>Parameter #1</th></tr><tr class="param stripe"><td>180</td></tr><tr><th>Exception</th></tr><tr><td><div class="stacktrace">java.lang.AssertionError: Expected ArithmeticException to be thrown, but nothing was thrown
	at org.rntgroup.CalcUnitTests.CtgTest.unitCtgNegativeTest(CtgTest.java:43)
	at java.base/java.util.concurrent.Executors$RunnableAdapter.call(Executors.java:539)
	at java.base/java.util.concurrent.FutureTask.run(FutureTask.java:264)
	at java.base/java.util.concurrent.ThreadPoolExecutor.runWorker(ThreadPoolExecutor.java:1136)
	at java.base/java.util.concurrent.ThreadPoolExecutor$Worker.run(ThreadPoolExecutor.java:635)
	at java.base/java.lang.Thread.run(Thread.java:840)
... Removed 16 stack frames</div></td></tr></table><p class="totop"><a href="#summary">back to summary</a></p>
<h3 id="m48">org.rntgroup.CalcUnitTests.CtgTest#unitCtgNegativeTest</h3><table class="result"><tr class="param"><th>Parameter #1</th></tr><tr class="param stripe"><td>360</td></tr><tr><th>Exception</th></tr><tr><td><div class="stacktrace">java.lang.AssertionError: Expected ArithmeticException to be thrown, but nothing was thrown
	at org.rntgroup.CalcUnitTests.CtgTest.unitCtgNegativeTest(CtgTest.java:43)
	at java.base/java.util.concurrent.Executors$RunnableAdapter.call(Executors.java:539)
	at java.base/java.util.concurrent.FutureTask.run(FutureTask.java:264)
	at java.base/java.util.concurrent.ThreadPoolExecutor.runWorker(ThreadPoolExecutor.java:1136)
	at java.base/java.util.concurrent.ThreadPoolExecutor$Worker.run(ThreadPoolExecutor.java:635)
	at java.base/java.lang.Thread.run(Thread.java:840)
... Removed 16 stack frames</div></td></tr></table><p class="totop"><a href="#summary">back to summary</a></p>
<h3 id="m49">org.rntgroup.CalcUnitTests.CtgTest#unitCtgNegativeTest</h3><table class="result"><tr class="param"><th>Parameter #1</th></tr><tr class="param stripe"><td>0</td></tr><tr><th>Exception</th></tr><tr><td><div class="stacktrace">java.lang.AssertionError: Expected ArithmeticException to be thrown, but nothing was thrown
	at org.rntgroup.CalcUnitTests.CtgTest.unitCtgNegativeTest(CtgTest.java:43)
	at java.base/java.util.concurrent.Executors$RunnableAdapter.call(Executors.java:539)
	at java.base/java.util.concurrent.FutureTask.run(FutureTask.java:264)
	at java.base/java.util.concurrent.ThreadPoolExecutor.runWorker(ThreadPoolExecutor.java:1136)
	at java.base/java.util.concurrent.ThreadPoolExecutor$Worker.run(ThreadPoolExecutor.java:635)
	at java.base/java.lang.Thread.run(Thread.java:840)
... Removed 16 stack frames</div></td></tr></table><p class="totop"><a href="#summary">back to summary</a></p>
<h3 id="m50">org.rntgroup.CalcUnitTests.CtgTest#unitCtgTest</h3><table class="result"><tr class="param"><th>Parameter #1</th><th>Parameter #2</th></tr><tr class="param stripe"><td>45</td><td>1</td></tr><tr><th colspan="2">Exception</th></tr><tr><td colspan="2"><div class="stacktrace">java.lang.AssertionError: Result is not correct! expected [1.0] but found [0.6557942026326724]
	at org.rntgroup.CalcUnitTests.CtgTest.unitCtgTest(CtgTest.java:27)
	at java.base/java.util.concurrent.Executors$RunnableAdapter.call(Executors.java:539)
	at java.base/java.util.concurrent.FutureTask.run(FutureTask.java:264)
	at java.base/java.util.concurrent.ThreadPoolExecutor.runWorker(ThreadPoolExecutor.java:1136)
	at java.base/java.util.concurrent.ThreadPoolExecutor$Worker.run(ThreadPoolExecutor.java:635)
	at java.base/java.lang.Thread.run(Thread.java:840)
... Removed 16 stack frames</div></td></tr></table><p class="totop"><a href="#summary">back to summary</a></p>
<h3 id="m51">org.rntgroup.CalcUnitTests.CtgTest#unitCtgTest</h3><table class="result"><tr class="param"><th>Parameter #1</th><th>Parameter #2</th></tr><tr class="param stripe"><td>270</td><td>0</td></tr><tr><th colspan="2">Exception</th></tr><tr><td colspan="2"><div class="stacktrace">java.lang.AssertionError: Result is not correct! expected [0.0] but found [0.9998386139886326]
	at org.rntgroup.CalcUnitTests.CtgTest.unitCtgTest(CtgTest.java:27)
	at java.base/java.util.concurrent.Executors$RunnableAdapter.call(Executors.java:539)
	at java.base/java.util.concurrent.FutureTask.run(FutureTask.java:264)
	at java.base/java.util.concurrent.ThreadPoolExecutor.runWorker(ThreadPoolExecutor.java:1136)
	at java.base/java.util.concurrent.ThreadPoolExecutor$Worker.run(ThreadPoolExecutor.java:635)
	at java.base/java.lang.Thread.run(Thread.java:840)
... Removed 16 stack frames</div></td></tr></table><p class="totop"><a href="#summary">back to summary</a></p>
<h3 id="m52">org.rntgroup.CalcUnitTests.CtgTest#unitCtgTest</h3><table class="result"><tr class="param"><th>Parameter #1</th><th>Parameter #2</th></tr><tr class="param stripe"><td>30</td><td>1.7320508075688767</td></tr><tr><th colspan="2">Exception</th></tr><tr><td colspan="2"><div class="stacktrace">java.lang.AssertionError: Result is not correct! expected [1.7320508075688767] but found [0.4804727781564516]
	at org.rntgroup.CalcUnitTests.CtgTest.unitCtgTest(CtgTest.java:27)
	at java.base/java.util.concurrent.Executors$RunnableAdapter.call(Executors.java:539)
	at java.base/java.util.concurrent.FutureTask.run(FutureTask.java:264)
	at java.base/java.util.concurrent.ThreadPoolExecutor.runWorker(ThreadPoolExecutor.java:1136)
	at java.base/java.util.concurrent.ThreadPoolExecutor$Worker.run(ThreadPoolExecutor.java:635)
	at java.base/java.lang.Thread.run(Thread.java:840)
... Removed 16 stack frames</div></td></tr></table><p class="totop"><a href="#summary">back to summary</a></p>
<h3 id="m53">org.rntgroup.CalcUnitTests.CtgTest#unitCtgTest</h3><table class="result"><tr class="param"><th>Parameter #1</th><th>Parameter #2</th></tr><tr class="param stripe"><td>60</td><td>0.5773502691896257</td></tr><tr><th colspan="2">Exception</th></tr><tr><td colspan="2"><div class="stacktrace">java.lang.AssertionError: Result is not correct! expected [0.5773502691896257] but found [0.7807144353592677]
	at org.rntgroup.CalcUnitTests.CtgTest.unitCtgTest(CtgTest.java:27)
	at java.base/java.util.concurrent.Executors$RunnableAdapter.call(Executors.java:539)
	at java.base/java.util.concurrent.FutureTask.run(FutureTask.java:264)
	at java.base/java.util.concurrent.ThreadPoolExecutor.runWorker(ThreadPoolExecutor.java:1136)
	at java.base/java.util.concurrent.ThreadPoolExecutor$Worker.run(ThreadPoolExecutor.java:635)
	at java.base/java.lang.Thread.run(Thread.java:840)
... Removed 16 stack frames</div></td></tr></table><p class="totop"><a href="#summary">back to summary</a></p>
<h3 id="m54">org.rntgroup.CalcUnitTests.CtgTest#unitCtgTest</h3><table class="result"><tr class="param"><th>Parameter #1</th><th>Parameter #2</th></tr><tr class="param stripe"><td>90</td><td>0</td></tr><tr><th colspan="2">Exception</th></tr><tr><td colspan="2"><div class="stacktrace">java.lang.AssertionError: Result is not correct! expected [0.0] but found [0.9171523356672744]
	at org.rntgroup.CalcUnitTests.CtgTest.unitCtgTest(CtgTest.java:27)
	at java.base/java.util.concurrent.Executors$RunnableAdapter.call(Executors.java:539)
	at java.base/java.util.concurrent.FutureTask.run(FutureTask.java:264)
	at java.base/java.util.concurrent.ThreadPoolExecutor.runWorker(ThreadPoolExecutor.java:1136)
	at java.base/java.util.concurrent.ThreadPoolExecutor$Worker.run(ThreadPoolExecutor.java:635)
	at java.base/java.lang.Thread.run(Thread.java:840)
... Removed 16 stack frames</div></td></tr></table><p class="totop"><a href="#summary">back to summary</a></p>
<h3 id="m55">org.rntgroup.CalcUnitTests.CtgTest#unitCtgTest</h3><table class="result"><tr class="param"><th>Parameter #1</th><th>Parameter #2</th></tr><tr class="param stripe"><td>1</td><td>57.28996163075943</td></tr><tr><th colspan="2">Exception</th></tr><tr><td colspan="2"><div class="stacktrace">java.lang.AssertionError: Result is not correct! expected [57.28996163075943] but found [0.01745152054354153]
	at org.rntgroup.CalcUnitTests.CtgTest.unitCtgTest(CtgTest.java:27)
	at java.base/java.util.concurrent.Executors$RunnableAdapter.call(Executors.java:539)
	at java.base/java.util.concurrent.FutureTask.run(FutureTask.java:264)
	at java.base/java.util.concurrent.ThreadPoolExecutor.runWorker(ThreadPoolExecutor.java:1136)
	at java.base/java.util.concurrent.ThreadPoolExecutor$Worker.run(ThreadPoolExecutor.java:635)
	at java.base/java.lang.Thread.run(Thread.java:840)
... Removed 16 stack frames</div></td></tr></table><p class="totop"><a href="#summary">back to summary</a></p>
<h3 id="m56">org.rntgroup.CalcUnitTests.CtgTest#unitCtgTest</h3><table class="result"><tr class="param"><th>Parameter #1</th><th>Parameter #2</th></tr><tr class="param stripe"><td>187</td><td>8.144346427974606</td></tr><tr><th colspan="2">Exception</th></tr><tr><td colspan="2"><div class="stacktrace">java.lang.AssertionError: Result is not correct! expected [8.144346427974606] but found [0.9970790482245655]
	at org.rntgroup.CalcUnitTests.CtgTest.unitCtgTest(CtgTest.java:27)
	at java.base/java.util.concurrent.Executors$RunnableAdapter.call(Executors.java:539)
	at java.base/java.util.concurrent.FutureTask.run(FutureTask.java:264)
	at java.base/java.util.concurrent.ThreadPoolExecutor.runWorker(ThreadPoolExecutor.java:1136)
	at java.base/java.util.concurrent.ThreadPoolExecutor$Worker.run(ThreadPoolExecutor.java:635)
	at java.base/java.lang.Thread.run(Thread.java:840)
... Removed 16 stack frames</div></td></tr></table><p class="totop"><a href="#summary">back to summary</a></p>
<h3 id="m57">org.rntgroup.CalcUnitTests.CtgTest#unitCtgTest</h3><table class="result"><tr class="param"><th>Parameter #1</th><th>Parameter #2</th></tr><tr class="param stripe"><td>-90</td><td>0</td></tr><tr><th colspan="2">Exception</th></tr><tr><td colspan="2"><div class="stacktrace">java.lang.AssertionError: Result is not correct! expected [0.0] but found [-0.9171523356672744]
	at org.rntgroup.CalcUnitTests.CtgTest.unitCtgTest(CtgTest.java:27)
	at java.base/java.util.concurrent.Executors$RunnableAdapter.call(Executors.java:539)
	at java.base/java.util.concurrent.FutureTask.run(FutureTask.java:264)
	at java.base/java.util.concurrent.ThreadPoolExecutor.runWorker(ThreadPoolExecutor.java:1136)
	at java.base/java.util.concurrent.ThreadPoolExecutor$Worker.run(ThreadPoolExecutor.java:635)
	at java.base/java.lang.Thread.run(Thread.java:840)
... Removed 16 stack frames</div></td></tr></table><p class="totop"><a href="#summary">back to summary</a></p>
<h3 id="m58">org.rntgroup.CalcUnitTests.SinTest#unitSinOfInfinityTest</h3><table class="result"><tr><th>Exception</th></tr><tr><td><div class="stacktrace">java.lang.AssertionError: Expected IllegalArgumentException to be thrown, but nothing was thrown
	at org.rntgroup.CalcUnitTests.SinTest.unitSinOfInfinityTest(SinTest.java:36)
	at java.base/java.util.concurrent.Executors$RunnableAdapter.call(Executors.java:539)
	at java.base/java.util.concurrent.FutureTask.run(FutureTask.java:264)
	at java.base/java.util.concurrent.ThreadPoolExecutor.runWorker(ThreadPoolExecutor.java:1136)
	at java.base/java.util.concurrent.ThreadPoolExecutor$Worker.run(ThreadPoolExecutor.java:635)
	at java.base/java.lang.Thread.run(Thread.java:840)
... Removed 16 stack frames</div></td></tr></table><p class="totop"><a href="#summary">back to summary</a></p>
<h3 id="m59">org.rntgroup.CalcUnitTests.SinTest#unitSinTest</h3><table class="result"><tr class="param"><th>Parameter #1</th><th>Parameter #2</th></tr><tr class="param stripe"><td>180</td><td>0</td></tr><tr><th colspan="2">Exception</th></tr><tr><td colspan="2"><div class="stacktrace">java.lang.AssertionError: Result is not correct! expected [0.0] but found [1.2246467991473532E-16]
	at org.rntgroup.CalcUnitTests.SinTest.unitSinTest(SinTest.java:31)
	at java.base/java.util.concurrent.Executors$RunnableAdapter.call(Executors.java:539)
	at java.base/java.util.concurrent.FutureTask.run(FutureTask.java:264)
	at java.base/java.util.concurrent.ThreadPoolExecutor.runWorker(ThreadPoolExecutor.java:1136)
	at java.base/java.util.concurrent.ThreadPoolExecutor$Worker.run(ThreadPoolExecutor.java:635)
	at java.base/java.lang.Thread.run(Thread.java:840)
... Removed 16 stack frames</div></td></tr></table><p class="totop"><a href="#summary">back to summary</a></p>
<h3 id="m60">org.rntgroup.CalcUnitTests.SinTest#unitSinTest</h3><table class="result"><tr class="param"><th>Parameter #1</th><th>Parameter #2</th></tr><tr class="param stripe"><td>360</td><td>0</td></tr><tr><th colspan="2">Exception</th></tr><tr><td colspan="2"><div class="stacktrace">java.lang.AssertionError: Result is not correct! expected [0.0] but found [-2.4492935982947064E-16]
	at org.rntgroup.CalcUnitTests.SinTest.unitSinTest(SinTest.java:31)
	at java.base/java.util.concurrent.Executors$RunnableAdapter.call(Executors.java:539)
	at java.base/java.util.concurrent.FutureTask.run(FutureTask.java:264)
	at java.base/java.util.concurrent.ThreadPoolExecutor.runWorker(ThreadPoolExecutor.java:1136)
	at java.base/java.util.concurrent.ThreadPoolExecutor$Worker.run(ThreadPoolExecutor.java:635)
	at java.base/java.lang.Thread.run(Thread.java:840)
... Removed 16 stack frames</div></td></tr></table><p class="totop"><a href="#summary">back to summary</a></p>
<h3 id="m61">org.rntgroup.CalcUnitTests.TgTest#unitTgNegativeTest</h3><table class="result"><tr class="param"><th>Parameter #1</th></tr><tr class="param stripe"><td>270</td></tr><tr><th>Exception</th></tr><tr><td><div class="stacktrace">java.lang.AssertionError: Expected ArithmeticException to be thrown, but nothing was thrown
	at org.rntgroup.CalcUnitTests.TgTest.unitTgNegativeTest(TgTest.java:43)
	at java.base/java.util.concurrent.Executors$RunnableAdapter.call(Executors.java:539)
	at java.base/java.util.concurrent.FutureTask.run(FutureTask.java:264)
	at java.base/java.util.concurrent.ThreadPoolExecutor.runWorker(ThreadPoolExecutor.java:1136)
	at java.base/java.util.concurrent.ThreadPoolExecutor$Worker.run(ThreadPoolExecutor.java:635)
	at java.base/java.lang.Thread.run(Thread.java:840)
... Removed 16 stack frames</div></td></tr></table><p class="totop"><a href="#summary">back to summary</a></p>
<h3 id="m62">org.rntgroup.CalcUnitTests.TgTest#unitTgNegativeTest</h3><table class="result"><tr class="param"><th>Parameter #1</th></tr><tr class="param stripe"><td>-90</td></tr><tr><th>Exception</th></tr><tr><td><div class="stacktrace">java.lang.AssertionError: Expected ArithmeticException to be thrown, but nothing was thrown
	at org.rntgroup.CalcUnitTests.TgTest.unitTgNegativeTest(TgTest.java:43)
	at java.base/java.util.concurrent.Executors$RunnableAdapter.call(Executors.java:539)
	at java.base/java.util.concurrent.FutureTask.run(FutureTask.java:264)
	at java.base/java.util.concurrent.ThreadPoolExecutor.runWorker(ThreadPoolExecutor.java:1136)
	at java.base/java.util.concurrent.ThreadPoolExecutor$Worker.run(ThreadPoolExecutor.java:635)
	at java.base/java.lang.Thread.run(Thread.java:840)
... Removed 16 stack frames</div></td></tr></table><p class="totop"><a href="#summary">back to summary</a></p>
<h3 id="m63">org.rntgroup.CalcUnitTests.TgTest#unitTgNegativeTest</h3><table class="result"><tr class="param"><th>Parameter #1</th></tr><tr class="param stripe"><td>90</td></tr><tr><th>Exception</th></tr><tr><td><div class="stacktrace">java.lang.AssertionError: Expected ArithmeticException to be thrown, but nothing was thrown
	at org.rntgroup.CalcUnitTests.TgTest.unitTgNegativeTest(TgTest.java:43)
	at java.base/java.util.concurrent.Executors$RunnableAdapter.call(Executors.java:539)
	at java.base/java.util.concurrent.FutureTask.run(FutureTask.java:264)
	at java.base/java.util.concurrent.ThreadPoolExecutor.runWorker(ThreadPoolExecutor.java:1136)
	at java.base/java.util.concurrent.ThreadPoolExecutor$Worker.run(ThreadPoolExecutor.java:635)
	at java.base/java.lang.Thread.run(Thread.java:840)
... Removed 16 stack frames</div></td></tr></table><p class="totop"><a href="#summary">back to summary</a></p>
<h3 id="m64">org.rntgroup.CalcUnitTests.TgTest#unitTgTest</h3><table class="result"><tr class="param"><th>Parameter #1</th><th>Parameter #2</th></tr><tr class="param stripe"><td>1</td><td>0.017455064928217585</td></tr><tr><th colspan="2">Exception</th></tr><tr><td colspan="2"><div class="stacktrace">java.lang.AssertionError: Result is not correct! expected [0.017455064928217585] but found [1.0]
	at org.rntgroup.CalcUnitTests.TgTest.unitTgTest(TgTest.java:28)
	at java.base/java.util.concurrent.Executors$RunnableAdapter.call(Executors.java:539)
	at java.base/java.util.concurrent.FutureTask.run(FutureTask.java:264)
	at java.base/java.util.concurrent.ThreadPoolExecutor.runWorker(ThreadPoolExecutor.java:1136)
	at java.base/java.util.concurrent.ThreadPoolExecutor$Worker.run(ThreadPoolExecutor.java:635)
	at java.base/java.lang.Thread.run(Thread.java:840)
... Removed 16 stack frames</div></td></tr></table><p class="totop"><a href="#summary">back to summary</a></p>
<h3 id="m65">org.rntgroup.CalcUnitTests.TgTest#unitTgTest</h3><table class="result"><tr class="param"><th>Parameter #1</th><th>Parameter #2</th></tr><tr class="param stripe"><td>30</td><td>0.5773502691896257</td></tr><tr><th colspan="2">Exception</th></tr><tr><td colspan="2"><div class="stacktrace">java.lang.AssertionError: Result is not correct! expected [0.5773502691896257] but found [1.0]
	at org.rntgroup.CalcUnitTests.TgTest.unitTgTest(TgTest.java:28)
	at java.base/java.util.concurrent.Executors$RunnableAdapter.call(Executors.java:539)
	at java.base/java.util.concurrent.FutureTask.run(FutureTask.java:264)
	at java.base/java.util.concurrent.ThreadPoolExecutor.runWorker(ThreadPoolExecutor.java:1136)
	at java.base/java.util.concurrent.ThreadPoolExecutor$Worker.run(ThreadPoolExecutor.java:635)
	at java.base/java.lang.Thread.run(Thread.java:840)
... Removed 16 stack frames</div></td></tr></table><p class="totop"><a href="#summary">back to summary</a></p>
<h3 id="m66">org.rntgroup.CalcUnitTests.TgTest#unitTgTest</h3><table class="result"><tr class="param"><th>Parameter #1</th><th>Parameter #2</th></tr><tr class="param stripe"><td>-180</td><td>0</td></tr><tr><th colspan="2">Exception</th></tr><tr><td colspan="2"><div class="stacktrace">java.lang.AssertionError: Result is not correct! expected [0.0] but found [1.0]
	at org.rntgroup.CalcUnitTests.TgTest.unitTgTest(TgTest.java:28)
	at java.base/java.util.concurrent.Executors$RunnableAdapter.call(Executors.java:539)
	at java.base/java.util.concurrent.FutureTask.run(FutureTask.java:264)
	at java.base/java.util.concurrent.ThreadPoolExecutor.runWorker(ThreadPoolExecutor.java:1136)
	at java.base/java.util.concurrent.ThreadPoolExecutor$Worker.run(ThreadPoolExecutor.java:635)
	at java.base/java.lang.Thread.run(Thread.java:840)
... Removed 16 stack frames</div></td></tr></table><p class="totop"><a href="#summary">back to summary</a></p>
<h3 id="m67">org.rntgroup.CalcUnitTests.TgTest#unitTgTest</h3><table class="result"><tr class="param"><th>Parameter #1</th><th>Parameter #2</th></tr><tr class="param stripe"><td>187</td><td>0.1227845609029044</td></tr><tr><th colspan="2">Exception</th></tr><tr><td colspan="2"><div class="stacktrace">java.lang.AssertionError: Result is not correct! expected [0.1227845609029044] but found [1.0]
	at org.rntgroup.CalcUnitTests.TgTest.unitTgTest(TgTest.java:28)
	at java.base/java.util.concurrent.Executors$RunnableAdapter.call(Executors.java:539)
	at java.base/java.util.concurrent.FutureTask.run(FutureTask.java:264)
	at java.base/java.util.concurrent.ThreadPoolExecutor.runWorker(ThreadPoolExecutor.java:1136)
	at java.base/java.util.concurrent.ThreadPoolExecutor$Worker.run(ThreadPoolExecutor.java:635)
	at java.base/java.lang.Thread.run(Thread.java:840)
... Removed 16 stack frames</div></td></tr></table><p class="totop"><a href="#summary">back to summary</a></p>
<h3 id="m68">org.rntgroup.CalcUnitTests.TgTest#unitTgTest</h3><table class="result"><tr class="param"><th>Parameter #1</th><th>Parameter #2</th></tr><tr class="param stripe"><td>360</td><td>0</td></tr><tr><th colspan="2">Exception</th></tr><tr><td colspan="2"><div class="stacktrace">java.lang.AssertionError: Result is not correct! expected [0.0] but found [1.0]
	at org.rntgroup.CalcUnitTests.TgTest.unitTgTest(TgTest.java:28)
	at java.base/java.util.concurrent.Executors$RunnableAdapter.call(Executors.java:539)
	at java.base/java.util.concurrent.FutureTask.run(FutureTask.java:264)
	at java.base/java.util.concurrent.ThreadPoolExecutor.runWorker(ThreadPoolExecutor.java:1136)
	at java.base/java.util.concurrent.ThreadPoolExecutor$Worker.run(ThreadPoolExecutor.java:635)
	at java.base/java.lang.Thread.run(Thread.java:840)
... Removed 16 stack frames</div></td></tr></table><p class="totop"><a href="#summary">back to summary</a></p>
<h3 id="m69">org.rntgroup.CalcUnitTests.TgTest#unitTgTest</h3><table class="result"><tr class="param"><th>Parameter #1</th><th>Parameter #2</th></tr><tr class="param stripe"><td>60</td><td>1.7320508075688767</td></tr><tr><th colspan="2">Exception</th></tr><tr><td colspan="2"><div class="stacktrace">java.lang.AssertionError: Result is not correct! expected [1.7320508075688767] but found [1.0]
	at org.rntgroup.CalcUnitTests.TgTest.unitTgTest(TgTest.java:28)
	at java.base/java.util.concurrent.Executors$RunnableAdapter.call(Executors.java:539)
	at java.base/java.util.concurrent.FutureTask.run(FutureTask.java:264)
	at java.base/java.util.concurrent.ThreadPoolExecutor.runWorker(ThreadPoolExecutor.java:1136)
	at java.base/java.util.concurrent.ThreadPoolExecutor$Worker.run(ThreadPoolExecutor.java:635)
	at java.base/java.lang.Thread.run(Thread.java:840)
... Removed 16 stack frames</div></td></tr></table><p class="totop"><a href="#summary">back to summary</a></p>
<h3 id="m70">org.rntgroup.CalcUnitTests.TgTest#unitTgTest</h3><table class="result"><tr class="param"><th>Parameter #1</th><th>Parameter #2</th></tr><tr class="param stripe"><td>0</td><td>0</td></tr><tr><th colspan="2">Exception</th></tr><tr><td colspan="2"><div class="stacktrace">java.lang.AssertionError: Result is not correct! expected [0.0] but found [NaN]
	at org.rntgroup.CalcUnitTests.TgTest.unitTgTest(TgTest.java:28)
	at java.base/java.util.concurrent.Executors$RunnableAdapter.call(Executors.java:539)
	at java.base/java.util.concurrent.FutureTask.run(FutureTask.java:264)
	at java.base/java.util.concurrent.ThreadPoolExecutor.runWorker(ThreadPoolExecutor.java:1136)
	at java.base/java.util.concurrent.ThreadPoolExecutor$Worker.run(ThreadPoolExecutor.java:635)
	at java.base/java.lang.Thread.run(Thread.java:840)
... Removed 16 stack frames</div></td></tr></table><p class="totop"><a href="#summary">back to summary</a></p>
<h3 id="m71">org.rntgroup.CalcUnitTests.TgTest#unitTgTest</h3><table class="result"><tr class="param"><th>Parameter #1</th><th>Parameter #2</th></tr><tr class="param stripe"><td>180</td><td>0</td></tr><tr><th colspan="2">Exception</th></tr><tr><td colspan="2"><div class="stacktrace">java.lang.AssertionError: Result is not correct! expected [0.0] but found [1.0]
	at org.rntgroup.CalcUnitTests.TgTest.unitTgTest(TgTest.java:28)
	at java.base/java.util.concurrent.Executors$RunnableAdapter.call(Executors.java:539)
	at java.base/java.util.concurrent.FutureTask.run(FutureTask.java:264)
	at java.base/java.util.concurrent.ThreadPoolExecutor.runWorker(ThreadPoolExecutor.java:1136)
	at java.base/java.util.concurrent.ThreadPoolExecutor$Worker.run(ThreadPoolExecutor.java:635)
	at java.base/java.lang.Thread.run(Thread.java:840)
... Removed 16 stack frames</div></td></tr></table><p class="totop"><a href="#summary">back to summary</a></p>
<h3 id="m72">org.rntgroup.CalcUnitTests.SinTest#unitSinTest</h3><table class="result"><tr class="param"><th>Parameter #1</th><th>Parameter #2</th></tr><tr class="param stripe"><td>270</td><td>-1</td></tr></table><p class="totop"><a href="#summary">back to summary</a></p>
<h3 id="m73">org.rntgroup.CalcUnitTests.SinTest#unitSinTest</h3><table class="result"><tr class="param"><th>Parameter #1</th><th>Parameter #2</th></tr><tr class="param stripe"><td>1</td><td>0.01745240643728351</td></tr></table><p class="totop"><a href="#summary">back to summary</a></p>
<h3 id="m74">org.rntgroup.CalcUnitTests.SinTest#unitSinTest</h3><table class="result"><tr class="param"><th>Parameter #1</th><th>Parameter #2</th></tr><tr class="param stripe"><td>187</td><td>-0.12186934340514731</td></tr></table><p class="totop"><a href="#summary">back to summary</a></p>
<h3 id="m75">org.rntgroup.CalcUnitTests.SinTest#unitSinTest</h3><table class="result"><tr class="param"><th>Parameter #1</th><th>Parameter #2</th></tr><tr class="param stripe"><td>0</td><td>0</td></tr></table><p class="totop"><a href="#summary">back to summary</a></p>
<h3 id="m76">org.rntgroup.CalcUnitTests.SinTest#unitSinTest</h3><table class="result"><tr class="param"><th>Parameter #1</th><th>Parameter #2</th></tr><tr class="param stripe"><td>60</td><td>0.8660254037844386</td></tr></table><p class="totop"><a href="#summary">back to summary</a></p>
<h3 id="m77">org.rntgroup.CalcUnitTests.SinTest#unitSinTest</h3><table class="result"><tr class="param"><th>Parameter #1</th><th>Parameter #2</th></tr><tr class="param stripe"><td>-90</td><td>-1</td></tr></table><p class="totop"><a href="#summary">back to summary</a></p>
<h3 id="m78">org.rntgroup.CalcUnitTests.SinTest#unitSinTest</h3><table class="result"><tr class="param"><th>Parameter #1</th><th>Parameter #2</th></tr><tr class="param stripe"><td>30</td><td>0.49999999999999994</td></tr></table><p class="totop"><a href="#summary">back to summary</a></p>
<h3 id="m79">org.rntgroup.CalcUnitTests.SinTest#unitSinTest</h3><table class="result"><tr class="param"><th>Parameter #1</th><th>Parameter #2</th></tr><tr class="param stripe"><td>90</td><td>1</td></tr></table><p class="totop"><a href="#summary">back to summary</a></p>
<h3 id="m80">org.rntgroup.CalcUnitTests.SinTest#unitSinTest</h3><table class="result"><tr class="param"><th>Parameter #1</th><th>Parameter #2</th></tr><tr class="param stripe"><td>-400</td><td>-0.6427876096865391</td></tr></table><p class="totop"><a href="#summary">back to summary</a></p>
<h3 id="m81">org.rntgroup.CalcUnitTests.SinTest#unitSinTest</h3><table class="result"><tr class="param"><th>Parameter #1</th><th>Parameter #2</th></tr><tr class="param stripe"><td>45</td><td>0.7071067811865475</td></tr></table><p class="totop"><a href="#summary">back to summary</a></p>
<h3 id="m82">org.rntgroup.CalcUnitTests.TgTest#unitTgTest</h3><table class="result"><tr class="param"><th>Parameter #1</th><th>Parameter #2</th></tr><tr class="param stripe"><td>45</td><td>1</td></tr></table><p class="totop"><a href="#summary">back to summary</a></p>
<h2>Power Function Unit Test</h2><h3 id="m83">org.rntgroup.CalcUnitTests.PowTest#unitNegativePowDoubleTest</h3><table class="result"><tr><th>Exception</th></tr><tr><td><div class="stacktrace">java.lang.AssertionError: Expected IllegalArgumentException to be thrown, but nothing was thrown
	at org.rntgroup.CalcUnitTests.PowTest.unitNegativePowDoubleTest(PowTest.java:33)
	at java.base/java.util.concurrent.Executors$RunnableAdapter.call(Executors.java:539)
	at java.base/java.util.concurrent.FutureTask.run(FutureTask.java:264)
	at java.base/java.util.concurrent.ThreadPoolExecutor.runWorker(ThreadPoolExecutor.java:1136)
	at java.base/java.util.concurrent.ThreadPoolExecutor$Worker.run(ThreadPoolExecutor.java:635)
	at java.base/java.lang.Thread.run(Thread.java:840)
... Removed 16 stack frames</div></td></tr></table><p class="totop"><a href="#summary">back to summary</a></p>
<h3 id="m84">org.rntgroup.CalcUnitTests.SqrtTest#unitNegativePowDoubleTest</h3><table class="result"><tr><th>Exception</th></tr><tr><td><div class="stacktrace">java.lang.AssertionError: Expected ArithmeticException to be thrown, but nothing was thrown
	at org.rntgroup.CalcUnitTests.SqrtTest.unitNegativePowDoubleTest(SqrtTest.java:29)
	at java.base/java.util.concurrent.Executors$RunnableAdapter.call(Executors.java:539)
	at java.base/java.util.concurrent.FutureTask.run(FutureTask.java:264)
	at java.base/java.util.concurrent.ThreadPoolExecutor.runWorker(ThreadPoolExecutor.java:1136)
	at java.base/java.util.concurrent.ThreadPoolExecutor$Worker.run(ThreadPoolExecutor.java:635)
	at java.base/java.lang.Thread.run(Thread.java:840)
... Removed 16 stack frames</div></td></tr></table><p class="totop"><a href="#summary">back to summary</a></p>
<h3 id="m85">org.rntgroup.CalcUnitTests.PowTest#unitPowTest</h3><table class="result"><tr class="param"><th>Parameter #1</th><th>Parameter #2</th><th>Parameter #3</th></tr><tr class="param stripe"><td>2</td><td>-2</td><td>0.25</td></tr></table><p class="totop"><a href="#summary">back to summary</a></p>
<h3 id="m86">org.rntgroup.CalcUnitTests.PowTest#unitPowTest</h3><table class="result"><tr class="param"><th>Parameter #1</th><th>Parameter #2</th><th>Parameter #3</th></tr><tr class="param stripe"><td>1.5</td><td>5.1</td><td>7.59375</td></tr></table><p class="totop"><a href="#summary">back to summary</a></p>
<h3 id="m87">org.rntgroup.CalcUnitTests.PowTest#unitPowTest</h3><table class="result"><tr class="param"><th>Parameter #1</th><th>Parameter #2</th><th>Parameter #3</th></tr><tr class="param stripe"><td>3</td><td>0</td><td>1</td></tr></table><p class="totop"><a href="#summary">back to summary</a></p>
<h3 id="m88">org.rntgroup.CalcUnitTests.PowTest#unitPowTest</h3><table class="result"><tr class="param"><th>Parameter #1</th><th>Parameter #2</th><th>Parameter #3</th></tr><tr class="param stripe"><td>0.8</td><td>-1</td><td>1.25</td></tr></table><p class="totop"><a href="#summary">back to summary</a></p>
<h3 id="m89">org.rntgroup.CalcUnitTests.PowTest#unitPowTest</h3><table class="result"><tr class="param"><th>Parameter #1</th><th>Parameter #2</th><th>Parameter #3</th></tr><tr class="param stripe"><td>1</td><td>3.2</td><td>1</td></tr></table><p class="totop"><a href="#summary">back to summary</a></p>
<h3 id="m90">org.rntgroup.CalcUnitTests.PowTest#unitPowTest</h3><table class="result"><tr class="param"><th>Parameter #1</th><th>Parameter #2</th><th>Parameter #3</th></tr><tr class="param stripe"><td>5</td><td>1</td><td>5</td></tr></table><p class="totop"><a href="#summary">back to summary</a></p>
<h3 id="m91">org.rntgroup.CalcUnitTests.PowTest#unitPowTest</h3><table class="result"><tr class="param"><th>Parameter #1</th><th>Parameter #2</th><th>Parameter #3</th></tr><tr class="param stripe"><td>0</td><td>5</td><td>0</td></tr></table><p class="totop"><a href="#summary">back to summary</a></p>
<h3 id="m92">org.rntgroup.CalcUnitTests.PowTest#unitPowTest</h3><table class="result"><tr class="param"><th>Parameter #1</th><th>Parameter #2</th><th>Parameter #3</th></tr><tr class="param stripe"><td>0</td><td>0</td><td>1</td></tr></table><p class="totop"><a href="#summary">back to summary</a></p>
<h3 id="m93">org.rntgroup.CalcUnitTests.PowTest#unitPowTest</h3><table class="result"><tr class="param"><th>Parameter #1</th><th>Parameter #2</th><th>Parameter #3</th></tr><tr class="param stripe"><td>2</td><td>8</td><td>256</td></tr></table><p class="totop"><a href="#summary">back to summary</a></p>
<h3 id="m94">org.rntgroup.CalcUnitTests.SqrtTest#unitSqrtTest</h3><table class="result"><tr class="param"><th>Parameter #1</th><th>Parameter #2</th></tr><tr class="param stripe"><td>3.14</td><td>1.772004514666935</td></tr></table><p class="totop"><a href="#summary">back to summary</a></p>
<h3 id="m95">org.rntgroup.CalcUnitTests.SqrtTest#unitSqrtTest</h3><table class="result"><tr class="param"><th>Parameter #1</th><th>Parameter #2</th></tr><tr class="param stripe"><td>0</td><td>0</td></tr></table><p class="totop"><a href="#summary">back to summary</a></p>
<h3 id="m96">org.rntgroup.CalcUnitTests.SqrtTest#unitSqrtTest</h3><table class="result"><tr class="param"><th>Parameter #1</th><th>Parameter #2</th></tr><tr class="param stripe"><td>256</td><td>16</td></tr></table><p class="totop"><a href="#summary">back to summary</a></p>
<h3 id="m97">org.rntgroup.CalcUnitTests.SqrtTest#unitSqrtTest</h3><table class="result"><tr class="param"><th>Parameter #1</th><th>Parameter #2</th></tr><tr class="param stripe"><td>9</td><td>3</td></tr></table><p class="totop"><a href="#summary">back to summary</a></p>
<h3 id="m98">org.rntgroup.CalcUnitTests.SqrtTest#unitSqrtTest</h3><table class="result"><tr class="param"><th>Parameter #1</th><th>Parameter #2</th></tr><tr class="param stripe"><td>1</td><td>1</td></tr></table><p class="totop"><a href="#summary">back to summary</a></p>
<h2>Sing Definition Function Unit Test</h2><h3 id="m99">org.rntgroup.CalcUnitTests.IsNegativeSignTest#unitIsNegativeSignTest</h3><table class="result"><tr class="param"><th>Parameter #1</th><th>Parameter #2</th></tr><tr class="param stripe"><td>-3</td><td>true</td></tr></table><p class="totop"><a href="#summary">back to summary</a></p>
<h3 id="m100">org.rntgroup.CalcUnitTests.IsNegativeSignTest#unitIsNegativeSignTest</h3><table class="result"><tr class="param"><th>Parameter #1</th><th>Parameter #2</th></tr><tr class="param stripe"><td>0</td><td>false</td></tr></table><p class="totop"><a href="#summary">back to summary</a></p>
<h3 id="m101">org.rntgroup.CalcUnitTests.IsNegativeSignTest#unitIsNegativeSignTest</h3><table class="result"><tr class="param"><th>Parameter #1</th><th>Parameter #2</th></tr><tr class="param stripe"><td>1000</td><td>false</td></tr></table><p class="totop"><a href="#summary">back to summary</a></p>
<h3 id="m102">org.rntgroup.CalcUnitTests.IsPositiveSignTest#unitIsPositiveSignTest</h3><table class="result"><tr class="param"><th>Parameter #1</th><th>Parameter #2</th></tr><tr class="param stripe"><td>1000</td><td>true</td></tr></table><p class="totop"><a href="#summary">back to summary</a></p>
<h3 id="m103">org.rntgroup.CalcUnitTests.IsPositiveSignTest#unitIsPositiveSignTest</h3><table class="result"><tr class="param"><th>Parameter #1</th><th>Parameter #2</th></tr><tr class="param stripe"><td>0</td><td>false</td></tr></table><p class="totop"><a href="#summary">back to summary</a></p>
<h3 id="m104">org.rntgroup.CalcUnitTests.IsPositiveSignTest#unitIsPositiveSignTest</h3><table class="result"><tr class="param"><th>Parameter #1</th><th>Parameter #2</th></tr><tr class="param stripe"><td>-3</td><td>false</td></tr></table><p class="totop"><a href="#summary">back to summary</a></p>
</body>
</html>
